<?xml version="1.0" encoding="UTF-8"?>
<testsuites name="TestSuiteForBookit" time="170" tests="1" failures="3" errors="0">
   <testsuite name="TestSuiteForBookit" tests="1" failures="3" errors="0" time="170" timestamp="2019-04-29 13:41:07" hostname="andres.jaramillo - allisoncotignol.bookit.local" id="Test Suites/TestSuiteForBookit">
      <properties>
         <property name="deviceName" value=""/>
         <property name="devicePlatform" value=""/>
         <property name="logFolder" value="C:\\Users\\Andres.Jaramillo\\git\\bookit-bookingtests-katalon\\Reports\\TestSuiteForBookit\\20190429_134105"/>
         <property name="logFiles" value="C:\\Users\\Andres.Jaramillo\\git\\bookit-bookingtests-katalon\\Reports\\TestSuiteForBookit\\20190429_134105\\execution0.log"/>
         <property name="attachments" value="C:\\Users\\Andres.Jaramillo\\git\\bookit-bookingtests-katalon\\Reports\\TestSuiteForBookit\\20190429_134105\\1556559718228.png, C:\\Users\\Andres.Jaramillo\\git\\bookit-bookingtests-katalon\\Reports\\TestSuiteForBookit\\20190429_134105\\1556559787457.png, C:\\Users\\Andres.Jaramillo\\git\\bookit-bookingtests-katalon\\Reports\\TestSuiteForBookit\\20190429_134105\\1556559836876.png"/>
         <property name="hostName" value="andres.jaramillo - allisoncotignol.bookit.local"/>
         <property name="os" value="Windows 7 64bit"/>
         <property name="katalonVersion" value="6.1.0.1"/>
         <property name="browser" value="Chrome 74.0.3729.108"/>
         <property name="hostAddress" value="172.19.15.34"/>
         <property name="sessionId" value="4618634d0489dadc716f34e4a4bbbcc4"/>
         <property name="seleniumVersion" value="3.7.1"/>
         <property name="proxyInformation" value="ProxyInformation{proxyOption=NO_PROXY, proxyServerType=HTTP, password=, proxyServerAddress=, proxyServerPort=0}"/>
         <property name="platform" value="Windows 7"/>
      </properties>
      <testcase name="Test Cases/Booking02" classname="Test Cases/Booking02" status="FAILED">
         <failure type="FAILED" message="Test Cases/Booking02 FAILED.
Reason:
com.kms.katalon.core.exception.StepFailedException: Unable to click on object 'eldia'
	at com.kms.katalon.core.webui.keyword.internal.WebUIKeywordMain.stepFailed(WebUIKeywordMain.groovy:64)
	at com.kms.katalon.core.webui.keyword.internal.WebUIKeywordMain.runKeyword(WebUIKeywordMain.groovy:26)
	at com.kms.katalon.core.webui.keyword.builtin.ClickKeyword.click(ClickKeyword.groovy:86)
	at com.kms.katalon.core.webui.keyword.builtin.ClickKeyword.execute(ClickKeyword.groovy:67)
	at com.kms.katalon.core.keyword.internal.KeywordExecutor.executeKeywordForPlatform(KeywordExecutor.groovy:56)
	at com.kms.katalon.core.webui.keyword.WebUiBuiltInKeywords.click(WebUiBuiltInKeywords.groovy:616)
	at com.kms.katalon.core.webui.keyword.WebUiBuiltInKeywords$click$0.call(Unknown Source)
	at Booking02.run(Booking02:85)
	at com.kms.katalon.core.main.ScriptEngine.run(ScriptEngine.java:194)
	at com.kms.katalon.core.main.ScriptEngine.runScriptAsRawText(ScriptEngine.java:119)
	at com.kms.katalon.core.main.TestCaseExecutor.runScript(TestCaseExecutor.java:331)
	at com.kms.katalon.core.main.TestCaseExecutor.doExecute(TestCaseExecutor.java:322)
	at com.kms.katalon.core.main.TestCaseExecutor.processExecutionPhase(TestCaseExecutor.java:301)
	at com.kms.katalon.core.main.TestCaseExecutor.accessMainPhase(TestCaseExecutor.java:293)
	at com.kms.katalon.core.main.TestCaseExecutor.execute(TestCaseExecutor.java:227)
	at com.kms.katalon.core.main.TestSuiteExecutor.accessTestCaseMainPhase(TestSuiteExecutor.java:129)
	at com.kms.katalon.core.main.TestSuiteExecutor.accessTestSuiteMainPhase(TestSuiteExecutor.java:112)
	at com.kms.katalon.core.main.TestSuiteExecutor.execute(TestSuiteExecutor.java:81)
	at com.kms.katalon.core.main.TestCaseMain.startTestSuite(TestCaseMain.java:157)
	at com.kms.katalon.core.main.TestCaseMain$startTestSuite$0.call(Unknown Source)
	at TempTestSuite1556559665371.run(TempTestSuite1556559665371.groovy:35)
Caused by: com.kms.katalon.core.webui.exception.WebElementNotFoundException: Web element with id: 'eldia' located by 'By.xpath: //div[contains(@class, 'pika-single') and contains(@class, 'is-bound') and not(contains(@class, 'is-hidden'))]/div[@class='pika-lendar'][1]/table[@class='pika-table']/tbody/tr/td/button[count(. | //*[@type = 'button' and @data-pika-day = '01']) = count(//*[@type = 'button' and @data-pika-day = '01'])]' not found
	at com.kms.katalon.core.webui.common.WebUiCommonHelper.findWebElement(WebUiCommonHelper.java:1053)
	at com.kms.katalon.core.webui.keyword.internal.WebUIAbstractKeyword.findWebElement(WebUIAbstractKeyword.groovy:27)
	at com.kms.katalon.core.webui.keyword.internal.WebUIAbstractKeyword.findWebElement(WebUIAbstractKeyword.groovy:26)
	at com.kms.katalon.core.webui.keyword.builtin.ClickKeyword$_click_closure1.doCall(ClickKeyword.groovy:77)
	at com.kms.katalon.core.webui.keyword.builtin.ClickKeyword$_click_closure1.call(ClickKeyword.groovy)
	at com.kms.katalon.core.webui.keyword.internal.WebUIKeywordMain.runKeyword(WebUIKeywordMain.groovy:20)
	at com.kms.katalon.core.webui.keyword.builtin.ClickKeyword.click(ClickKeyword.groovy:86)
	at com.kms.katalon.core.webui.keyword.builtin.ClickKeyword.execute(ClickKeyword.groovy:67)
	at com.kms.katalon.core.keyword.internal.KeywordExecutor.executeKeywordForPlatform(KeywordExecutor.groovy:56)
	at com.kms.katalon.core.webui.keyword.WebUiBuiltInKeywords.click(WebUiBuiltInKeywords.groovy:616)
	at com.kms.katalon.core.webui.keyword.WebUiBuiltInKeywords$click$0.call(Unknown Source)
	at Script1556127265800.run(Script1556127265800.groovy:85)
	... 13 more
"/>
         <system-out><![CDATA[2019-04-29 13:41:07 - [TEST_CASE][FAILED] - Test Cases/Booking02: Test Cases/Booking02 FAILED.
Reason:
com.kms.katalon.core.exception.StepFailedException: Unable to click on object 'eldia'
	at com.kms.katalon.core.webui.keyword.internal.WebUIKeywordMain.stepFailed(WebUIKeywordMain.groovy:64)
	at com.kms.katalon.core.webui.keyword.internal.WebUIKeywordMain.runKeyword(WebUIKeywordMain.groovy:26)
	at com.kms.katalon.core.webui.keyword.builtin.ClickKeyword.click(ClickKeyword.groovy:86)
	at com.kms.katalon.core.webui.keyword.builtin.ClickKeyword.execute(ClickKeyword.groovy:67)
	at com.kms.katalon.core.keyword.internal.KeywordExecutor.executeKeywordForPlatform(KeywordExecutor.groovy:56)
	at com.kms.katalon.core.webui.keyword.WebUiBuiltInKeywords.click(WebUiBuiltInKeywords.groovy:616)
	at com.kms.katalon.core.webui.keyword.WebUiBuiltInKeywords$click$0.call(Unknown Source)
	at Booking02.run(Booking02:85)
	at com.kms.katalon.core.main.ScriptEngine.run(ScriptEngine.java:194)
	at com.kms.katalon.core.main.ScriptEngine.runScriptAsRawText(ScriptEngine.java:119)
	at com.kms.katalon.core.main.TestCaseExecutor.runScript(TestCaseExecutor.java:331)
	at com.kms.katalon.core.main.TestCaseExecutor.doExecute(TestCaseExecutor.java:322)
	at com.kms.katalon.core.main.TestCaseExecutor.processExecutionPhase(TestCaseExecutor.java:301)
	at com.kms.katalon.core.main.TestCaseExecutor.accessMainPhase(TestCaseExecutor.java:293)
	at com.kms.katalon.core.main.TestCaseExecutor.execute(TestCaseExecutor.java:227)
	at com.kms.katalon.core.main.TestSuiteExecutor.accessTestCaseMainPhase(TestSuiteExecutor.java:129)
	at com.kms.katalon.core.main.TestSuiteExecutor.accessTestSuiteMainPhase(TestSuiteExecutor.java:112)
	at com.kms.katalon.core.main.TestSuiteExecutor.execute(TestSuiteExecutor.java:81)
	at com.kms.katalon.core.main.TestCaseMain.startTestSuite(TestCaseMain.java:157)
	at com.kms.katalon.core.main.TestCaseMain$startTestSuite$0.call(Unknown Source)
	at TempTestSuite1556559665371.run(TempTestSuite1556559665371.groovy:35)
Caused by: com.kms.katalon.core.webui.exception.WebElementNotFoundException: Web element with id: 'eldia' located by 'By.xpath: //div[contains(@class, 'pika-single') and contains(@class, 'is-bound') and not(contains(@class, 'is-hidden'))]/div[@class='pika-lendar'][1]/table[@class='pika-table']/tbody/tr/td/button[count(. | //*[@type = 'button' and @data-pika-day = '01']) = count(//*[@type = 'button' and @data-pika-day = '01'])]' not found
	at com.kms.katalon.core.webui.common.WebUiCommonHelper.findWebElement(WebUiCommonHelper.java:1053)
	at com.kms.katalon.core.webui.keyword.internal.WebUIAbstractKeyword.findWebElement(WebUIAbstractKeyword.groovy:27)
	at com.kms.katalon.core.webui.keyword.internal.WebUIAbstractKeyword.findWebElement(WebUIAbstractKeyword.groovy:26)
	at com.kms.katalon.core.webui.keyword.builtin.ClickKeyword$_click_closure1.doCall(ClickKeyword.groovy:77)
	at com.kms.katalon.core.webui.keyword.builtin.ClickKeyword$_click_closure1.call(ClickKeyword.groovy)
	at com.kms.katalon.core.webui.keyword.internal.WebUIKeywordMain.runKeyword(WebUIKeywordMain.groovy:20)
	at com.kms.katalon.core.webui.keyword.builtin.ClickKeyword.click(ClickKeyword.groovy:86)
	at com.kms.katalon.core.webui.keyword.builtin.ClickKeyword.execute(ClickKeyword.groovy:67)
	at com.kms.katalon.core.keyword.internal.KeywordExecutor.executeKeywordForPlatform(KeywordExecutor.groovy:56)
	at com.kms.katalon.core.webui.keyword.WebUiBuiltInKeywords.click(WebUiBuiltInKeywords.groovy:616)
	at com.kms.katalon.core.webui.keyword.WebUiBuiltInKeywords$click$0.call(Unknown Source)
	at Script1556127265800.run(Script1556127265800.groovy:85)
	... 13 more


2019-04-29 13:41:08 - [TEST_STEP][PASSED] - openBrowser("https://bookit-qa6.com"): Browser is opened with url: 'https://bookit-qa6.com'

2019-04-29 13:41:08 - [MESSAGE][INFO] - Starting 'Chrome' driver

2019-04-29 13:41:08 - [MESSAGE][INFO] - Action delay is set to 0 seconds

2019-04-29 13:41:14 - [MESSAGE][PASSED] - Browser is opened with url: 'https://bookit-qa6.com'

2019-04-29 13:41:14 - [TEST_STEP][PASSED] - click(findTestObject("homepage/flight_checkbox")): Object: 'Object Repository/homepage/flight_checkbox' is clicked on

2019-04-29 13:41:16 - [MESSAGE][PASSED] - Object: 'Object Repository/homepage/flight_checkbox' is clicked on

2019-04-29 13:41:16 - [TEST_STEP][PASSED] - setText(findTestObject("homepage/city_or_airport"), "cheese"): Text 'cheese' is set on object 'Object Repository/homepage/city_or_airport'

2019-04-29 13:41:16 - [MESSAGE][PASSED] - Text 'cheese' is set on object 'Object Repository/homepage/city_or_airport'

2019-04-29 13:41:16 - [TEST_STEP][PASSED] - delay(1): Delayed 1 second(s)

2019-04-29 13:41:17 - [MESSAGE][PASSED] - Delayed 1 second(s)

2019-04-29 13:41:17 - [TEST_STEP][PASSED] - click(findTestObject("homepage/div_Cheese City IL US")): Object: 'Object Repository/homepage/div_Cheese City IL US' is clicked on

2019-04-29 13:41:18 - [MESSAGE][PASSED] - Object: 'Object Repository/homepage/div_Cheese City IL US' is clicked on

2019-04-29 13:41:18 - [TEST_STEP][PASSED] - checkinId = getAttribute(findTestObject("homepage/checkin_date"), "id"): Attribute 'id' of object 'Object Repository/homepage/checkin_date' is: 'ember532-fd'

2019-04-29 13:41:18 - [MESSAGE][PASSED] - Attribute 'id' of object 'Object Repository/homepage/checkin_date' is: 'ember532-fd'

2019-04-29 13:41:18 - [TEST_STEP][PASSED] - checkoutId = getAttribute(findTestObject("homepage/checkout_date"), "id"): Attribute 'id' of object 'Object Repository/homepage/checkout_date' is: 'ember532-td'

2019-04-29 13:41:18 - [MESSAGE][PASSED] - Attribute 'id' of object 'Object Repository/homepage/checkout_date' is: 'ember532-td'

2019-04-29 13:41:18 - [TEST_STEP][PASSED] - iniDate = moIni + "/" + dayIni + "/" + yrIni: null

2019-04-29 13:41:18 - [TEST_STEP][PASSED] - myIniDate = "$('#" + checkinId + "').val('" + iniDate + "')": null

2019-04-29 13:41:18 - [TEST_STEP][PASSED] - endDate = moEnd + "/" + dayEnd + "/" + yrEnd: null

2019-04-29 13:41:18 - [TEST_STEP][PASSED] - myEndDate = "$('#" + checkoutId + "').val('" + endDate + "')": null

2019-04-29 13:41:18 - [TEST_STEP][PASSED] - strMoIni = bookitKeywords.commonFunctions.getMonthName(moIni): bookitKeywords.commonFunctions.getMonthName is PASSED

2019-04-29 13:41:18 - [MESSAGE][PASSED] - bookitKeywords.commonFunctions.getMonthName is PASSED

2019-04-29 13:41:18 - [TEST_STEP][PASSED] - strMoEnd = bookitKeywords.commonFunctions.getMonthName(moEnd): bookitKeywords.commonFunctions.getMonthName is PASSED

2019-04-29 13:41:18 - [MESSAGE][PASSED] - bookitKeywords.commonFunctions.getMonthName is PASSED

2019-04-29 13:41:18 - [TEST_STEP][PASSED] - click(findTestObject("homepage/checkin_date")): Object: 'Object Repository/homepage/checkin_date' is clicked on

2019-04-29 13:41:18 - [MESSAGE][PASSED] - Object: 'Object Repository/homepage/checkin_date' is clicked on

2019-04-29 13:41:18 - [TEST_STEP][PASSED] - delay(1): Delayed 1 second(s)

2019-04-29 13:41:19 - [MESSAGE][PASSED] - Delayed 1 second(s)

2019-04-29 13:41:19 - [TEST_STEP][PASSED] - if (verifyElementPresent(findTestObject("homepage/sel_date_month1"), 1, CONTINUE_ON_FAILURE)): null

2019-04-29 13:41:19 - [MESSAGE][PASSED] - Object 'Object Repository/homepage/sel_date_month1' is present

2019-04-29 13:41:19 - [TEST_STEP][PASSED] - if (waitForElementClickable(findTestObject("homepage/sel_date_month1"), 1, CONTINUE_ON_FAILURE)): null

2019-04-29 13:41:19 - [MESSAGE][PASSED] - Object 'Object Repository/homepage/sel_date_month1' is clickable

2019-04-29 13:41:19 - [TEST_STEP][PASSED] - click(findTestObject("homepage/sel_date_month1"), CONTINUE_ON_FAILURE): Object: 'Object Repository/homepage/sel_date_month1' is clicked on

2019-04-29 13:41:19 - [MESSAGE][PASSED] - Object: 'Object Repository/homepage/sel_date_month1' is clicked on

2019-04-29 13:41:19 - [TEST_STEP][PASSED] - if (verifyOptionPresentByLabel(findTestObject("homepage/sel_date_month1"), strMoIni, false, 1, CONTINUE_ON_FAILURE)): Delayed 1 second(s)

2019-04-29 13:41:19 - [MESSAGE][PASSED] - 1 option(s) with label 'May' is/are present in object 'Object Repository/homepage/sel_date_month1' 

2019-04-29 13:41:19 - [TEST_STEP][PASSED] - selectOptionByIndex(findTestObject("homepage/sel_date_month1"), 4, CONTINUE_ON_FAILURE): All options with index in [4] are selected on object 'Object Repository/homepage/sel_date_month1'

2019-04-29 13:41:19 - [MESSAGE][PASSED] - All options with index in [4] are selected on object 'Object Repository/homepage/sel_date_month1'

2019-04-29 13:41:19 - [TEST_STEP][PASSED] - delay(1): Delayed 1 second(s)

2019-04-29 13:41:21 - [MESSAGE][PASSED] - Delayed 1 second(s)

2019-04-29 13:41:21 - [TEST_STEP][PASSED] - if (verifyElementPresent(findTestObject("homepage/sel_date_year1"), 1, CONTINUE_ON_FAILURE)): null

2019-04-29 13:41:21 - [MESSAGE][PASSED] - Object 'Object Repository/homepage/sel_date_year1' is present

2019-04-29 13:41:21 - [TEST_STEP][PASSED] - if (waitForElementClickable(findTestObject("homepage/sel_date_year1"), 1, CONTINUE_ON_FAILURE)): null

2019-04-29 13:41:21 - [MESSAGE][PASSED] - Object 'Object Repository/homepage/sel_date_year1' is clickable

2019-04-29 13:41:21 - [TEST_STEP][PASSED] - click(findTestObject("homepage/sel_date_year1"), CONTINUE_ON_FAILURE): Object: 'Object Repository/homepage/sel_date_year1' is clicked on

2019-04-29 13:41:21 - [MESSAGE][PASSED] - Object: 'Object Repository/homepage/sel_date_year1' is clicked on

2019-04-29 13:41:21 - [TEST_STEP][PASSED] - if (verifyOptionPresentByLabel(findTestObject("homepage/sel_date_year1"), yrIni, false, 1, CONTINUE_ON_FAILURE)): Delayed 1 second(s)

2019-04-29 13:41:21 - [MESSAGE][PASSED] - 1 option(s) with label '2019' is/are present in object 'Object Repository/homepage/sel_date_year1' 

2019-04-29 13:41:21 - [TEST_STEP][PASSED] - selectOptionByLabel(findTestObject("homepage/sel_date_year1"), yrIni, false, CONTINUE_ON_FAILURE): All options with label '2019' are selected in object 'Object Repository/homepage/sel_date_year1' 

2019-04-29 13:41:21 - [MESSAGE][PASSED] - All options with label '2019' are selected in object 'Object Repository/homepage/sel_date_year1' 

2019-04-29 13:41:21 - [TEST_STEP][PASSED] - delay(1): Delayed 1 second(s)

2019-04-29 13:41:22 - [MESSAGE][PASSED] - Delayed 1 second(s)

2019-04-29 13:41:22 - [TEST_STEP][PASSED] - dynxpath = "//div[contains(@class, 'pika-single') and contains(@class, 'is-bound') and not(contains(@class, 'is-hidden'))]/div[@class='pika-lendar'][1]/table[@class='pika-table']/tbody/tr/td/button[count(. | //*[@type = 'button' and @data-pika-day = '" + dayIni + "']) = count(//*[@type = 'button' and @data-pika-day = '" + dayIni + "'])]": null

2019-04-29 13:41:22 - [TEST_STEP][PASSED] - to = new com.kms.katalon.core.testobject.TestObject(eldia): null

2019-04-29 13:41:22 - [TEST_STEP][PASSED] - to.addProperty("xpath", EQUALS, dynxpath): null

2019-04-29 13:41:22 - [TEST_STEP][FAILED] - click(to): click(to) FAILED.
Reason:
com.kms.katalon.core.exception.StepFailedException: Unable to click on object 'eldia'
	at com.kms.katalon.core.webui.keyword.internal.WebUIKeywordMain.stepFailed(WebUIKeywordMain.groovy:64)
	at com.kms.katalon.core.webui.keyword.internal.WebUIKeywordMain.runKeyword(WebUIKeywordMain.groovy:26)
	at com.kms.katalon.core.webui.keyword.builtin.ClickKeyword.click(ClickKeyword.groovy:86)
	at com.kms.katalon.core.webui.keyword.builtin.ClickKeyword.execute(ClickKeyword.groovy:67)
	at com.kms.katalon.core.keyword.internal.KeywordExecutor.executeKeywordForPlatform(KeywordExecutor.groovy:56)
	at com.kms.katalon.core.webui.keyword.WebUiBuiltInKeywords.click(WebUiBuiltInKeywords.groovy:616)
	at com.kms.katalon.core.webui.keyword.WebUiBuiltInKeywords$click$0.call(Unknown Source)
	at Booking02.run(Booking02:85)
	at com.kms.katalon.core.main.ScriptEngine.run(ScriptEngine.java:194)
	at com.kms.katalon.core.main.ScriptEngine.runScriptAsRawText(ScriptEngine.java:119)
	at com.kms.katalon.core.main.TestCaseExecutor.runScript(TestCaseExecutor.java:331)
	at com.kms.katalon.core.main.TestCaseExecutor.doExecute(TestCaseExecutor.java:322)
	at com.kms.katalon.core.main.TestCaseExecutor.processExecutionPhase(TestCaseExecutor.java:301)
	at com.kms.katalon.core.main.TestCaseExecutor.accessMainPhase(TestCaseExecutor.java:293)
	at com.kms.katalon.core.main.TestCaseExecutor.execute(TestCaseExecutor.java:227)
	at com.kms.katalon.core.main.TestSuiteExecutor.accessTestCaseMainPhase(TestSuiteExecutor.java:129)
	at com.kms.katalon.core.main.TestSuiteExecutor.accessTestSuiteMainPhase(TestSuiteExecutor.java:112)
	at com.kms.katalon.core.main.TestSuiteExecutor.execute(TestSuiteExecutor.java:81)
	at com.kms.katalon.core.main.TestCaseMain.startTestSuite(TestCaseMain.java:157)
	at com.kms.katalon.core.main.TestCaseMain$startTestSuite$0.call(Unknown Source)
	at TempTestSuite1556559665371.run(TempTestSuite1556559665371.groovy:35)
Caused by: com.kms.katalon.core.webui.exception.WebElementNotFoundException: Web element with id: 'eldia' located by 'By.xpath: //div[contains(@class, 'pika-single') and contains(@class, 'is-bound') and not(contains(@class, 'is-hidden'))]/div[@class='pika-lendar'][1]/table[@class='pika-table']/tbody/tr/td/button[count(. | //*[@type = 'button' and @data-pika-day = '01']) = count(//*[@type = 'button' and @data-pika-day = '01'])]' not found
	at com.kms.katalon.core.webui.common.WebUiCommonHelper.findWebElement(WebUiCommonHelper.java:1053)
	at com.kms.katalon.core.webui.keyword.internal.WebUIAbstractKeyword.findWebElement(WebUIAbstractKeyword.groovy:27)
	at com.kms.katalon.core.webui.keyword.internal.WebUIAbstractKeyword.findWebElement(WebUIAbstractKeyword.groovy:26)
	at com.kms.katalon.core.webui.keyword.builtin.ClickKeyword$_click_closure1.doCall(ClickKeyword.groovy:77)
	at com.kms.katalon.core.webui.keyword.builtin.ClickKeyword$_click_closure1.call(ClickKeyword.groovy)
	at com.kms.katalon.core.webui.keyword.internal.WebUIKeywordMain.runKeyword(WebUIKeywordMain.groovy:20)
	at com.kms.katalon.core.webui.keyword.builtin.ClickKeyword.click(ClickKeyword.groovy:86)
	at com.kms.katalon.core.webui.keyword.builtin.ClickKeyword.execute(ClickKeyword.groovy:67)
	at com.kms.katalon.core.keyword.internal.KeywordExecutor.executeKeywordForPlatform(KeywordExecutor.groovy:56)
	at com.kms.katalon.core.webui.keyword.WebUiBuiltInKeywords.click(WebUiBuiltInKeywords.groovy:616)
	at com.kms.katalon.core.webui.keyword.WebUiBuiltInKeywords$click$0.call(Unknown Source)
	at Script1556127265800.run(Script1556127265800.groovy:85)
	... 13 more


2019-04-29 13:41:58 - [MESSAGE][INFO] - Unable to find the element located by 'By.xpath: //div[contains(@class, 'pika-single') and contains(@class, 'is-bound') and not(contains(@class, 'is-hidden'))]/div[@class='pika-lendar'][1]/table[@class='pika-table']/tbody/tr/td/button[count(. | //*[@type = 'button' and @data-pika-day = '01']) = count(//*[@type = 'button' and @data-pika-day = '01'])]'. Please recheck the objects properties to make sure the desired element is located. 

2019-04-29 13:41:58 - [MESSAGE][FAILED] - Unable to click on object 'eldia' (Root cause: com.kms.katalon.core.exception.StepFailedException: Unable to click on object 'eldia'
	at com.kms.katalon.core.webui.keyword.internal.WebUIKeywordMain.stepFailed(WebUIKeywordMain.groovy:64)
	at com.kms.katalon.core.webui.keyword.internal.WebUIKeywordMain.runKeyword(WebUIKeywordMain.groovy:26)
	at com.kms.katalon.core.webui.keyword.builtin.ClickKeyword.click(ClickKeyword.groovy:86)
	at com.kms.katalon.core.webui.keyword.builtin.ClickKeyword.execute(ClickKeyword.groovy:67)
	at com.kms.katalon.core.keyword.internal.KeywordExecutor.executeKeywordForPlatform(KeywordExecutor.groovy:56)
	at com.kms.katalon.core.webui.keyword.WebUiBuiltInKeywords.click(WebUiBuiltInKeywords.groovy:616)
	at com.kms.katalon.core.webui.keyword.WebUiBuiltInKeywords$click$0.call(Unknown Source)
	at Booking02.run(Booking02:85)
	at com.kms.katalon.core.main.ScriptEngine.run(ScriptEngine.java:194)
	at com.kms.katalon.core.main.ScriptEngine.runScriptAsRawText(ScriptEngine.java:119)
	at com.kms.katalon.core.main.TestCaseExecutor.runScript(TestCaseExecutor.java:331)
	at com.kms.katalon.core.main.TestCaseExecutor.doExecute(TestCaseExecutor.java:322)
	at com.kms.katalon.core.main.TestCaseExecutor.processExecutionPhase(TestCaseExecutor.java:301)
	at com.kms.katalon.core.main.TestCaseExecutor.accessMainPhase(TestCaseExecutor.java:293)
	at com.kms.katalon.core.main.TestCaseExecutor.execute(TestCaseExecutor.java:227)
	at com.kms.katalon.core.main.TestSuiteExecutor.accessTestCaseMainPhase(TestSuiteExecutor.java:129)
	at com.kms.katalon.core.main.TestSuiteExecutor.accessTestSuiteMainPhase(TestSuiteExecutor.java:112)
	at com.kms.katalon.core.main.TestSuiteExecutor.execute(TestSuiteExecutor.java:81)
	at com.kms.katalon.core.main.TestCaseMain.startTestSuite(TestCaseMain.java:157)
	at com.kms.katalon.core.main.TestCaseMain$startTestSuite$0.call(Unknown Source)
	at TempTestSuite1556559665371.run(TempTestSuite1556559665371.groovy:35)
Caused by: com.kms.katalon.core.webui.exception.WebElementNotFoundException: Web element with id: 'eldia' located by 'By.xpath: //div[contains(@class, 'pika-single') and contains(@class, 'is-bound') and not(contains(@class, 'is-hidden'))]/div[@class='pika-lendar'][1]/table[@class='pika-table']/tbody/tr/td/button[count(. | //*[@type = 'button' and @data-pika-day = '01']) = count(//*[@type = 'button' and @data-pika-day = '01'])]' not found
	at com.kms.katalon.core.webui.common.WebUiCommonHelper.findWebElement(WebUiCommonHelper.java:1053)
	at com.kms.katalon.core.webui.keyword.internal.WebUIAbstractKeyword.findWebElement(WebUIAbstractKeyword.groovy:27)
	at com.kms.katalon.core.webui.keyword.internal.WebUIAbstractKeyword.findWebElement(WebUIAbstractKeyword.groovy:26)
	at com.kms.katalon.core.webui.keyword.builtin.ClickKeyword$_click_closure1.doCall(ClickKeyword.groovy:77)
	at com.kms.katalon.core.webui.keyword.builtin.ClickKeyword$_click_closure1.call(ClickKeyword.groovy)
	at com.kms.katalon.core.webui.keyword.internal.WebUIKeywordMain.runKeyword(WebUIKeywordMain.groovy:20)
	at com.kms.katalon.core.webui.keyword.builtin.ClickKeyword.click(ClickKeyword.groovy:86)
	at com.kms.katalon.core.webui.keyword.builtin.ClickKeyword.execute(ClickKeyword.groovy:67)
	at com.kms.katalon.core.keyword.internal.KeywordExecutor.executeKeywordForPlatform(KeywordExecutor.groovy:56)
	at com.kms.katalon.core.webui.keyword.WebUiBuiltInKeywords.click(WebUiBuiltInKeywords.groovy:616)
	at com.kms.katalon.core.webui.keyword.WebUiBuiltInKeywords$click$0.call(Unknown Source)
	at Script1556127265800.run(Script1556127265800.groovy:85)
	... 13 more
)
[[ATTACHMENT|C:\\Users\\Andres.Jaramillo\\git\\bookit-bookingtests-katalon\\Reports\\TestSuiteForBookit\\20190429_134105\\1556559718228.png]]

2019-04-29 13:41:58 - [MESSAGE][FAILED] - click(to) FAILED.
Reason:
com.kms.katalon.core.exception.StepFailedException: Unable to click on object 'eldia'
	at com.kms.katalon.core.webui.keyword.internal.WebUIKeywordMain.stepFailed(WebUIKeywordMain.groovy:64)
	at com.kms.katalon.core.webui.keyword.internal.WebUIKeywordMain.runKeyword(WebUIKeywordMain.groovy:26)
	at com.kms.katalon.core.webui.keyword.builtin.ClickKeyword.click(ClickKeyword.groovy:86)
	at com.kms.katalon.core.webui.keyword.builtin.ClickKeyword.execute(ClickKeyword.groovy:67)
	at com.kms.katalon.core.keyword.internal.KeywordExecutor.executeKeywordForPlatform(KeywordExecutor.groovy:56)
	at com.kms.katalon.core.webui.keyword.WebUiBuiltInKeywords.click(WebUiBuiltInKeywords.groovy:616)
	at com.kms.katalon.core.webui.keyword.WebUiBuiltInKeywords$click$0.call(Unknown Source)
	at Booking02.run(Booking02:85)
	at com.kms.katalon.core.main.ScriptEngine.run(ScriptEngine.java:194)
	at com.kms.katalon.core.main.ScriptEngine.runScriptAsRawText(ScriptEngine.java:119)
	at com.kms.katalon.core.main.TestCaseExecutor.runScript(TestCaseExecutor.java:331)
	at com.kms.katalon.core.main.TestCaseExecutor.doExecute(TestCaseExecutor.java:322)
	at com.kms.katalon.core.main.TestCaseExecutor.processExecutionPhase(TestCaseExecutor.java:301)
	at com.kms.katalon.core.main.TestCaseExecutor.accessMainPhase(TestCaseExecutor.java:293)
	at com.kms.katalon.core.main.TestCaseExecutor.execute(TestCaseExecutor.java:227)
	at com.kms.katalon.core.main.TestSuiteExecutor.accessTestCaseMainPhase(TestSuiteExecutor.java:129)
	at com.kms.katalon.core.main.TestSuiteExecutor.accessTestSuiteMainPhase(TestSuiteExecutor.java:112)
	at com.kms.katalon.core.main.TestSuiteExecutor.execute(TestSuiteExecutor.java:81)
	at com.kms.katalon.core.main.TestCaseMain.startTestSuite(TestCaseMain.java:157)
	at com.kms.katalon.core.main.TestCaseMain$startTestSuite$0.call(Unknown Source)
	at TempTestSuite1556559665371.run(TempTestSuite1556559665371.groovy:35)
Caused by: com.kms.katalon.core.webui.exception.WebElementNotFoundException: Web element with id: 'eldia' located by 'By.xpath: //div[contains(@class, 'pika-single') and contains(@class, 'is-bound') and not(contains(@class, 'is-hidden'))]/div[@class='pika-lendar'][1]/table[@class='pika-table']/tbody/tr/td/button[count(. | //*[@type = 'button' and @data-pika-day = '01']) = count(//*[@type = 'button' and @data-pika-day = '01'])]' not found
	at com.kms.katalon.core.webui.common.WebUiCommonHelper.findWebElement(WebUiCommonHelper.java:1053)
	at com.kms.katalon.core.webui.keyword.internal.WebUIAbstractKeyword.findWebElement(WebUIAbstractKeyword.groovy:27)
	at com.kms.katalon.core.webui.keyword.internal.WebUIAbstractKeyword.findWebElement(WebUIAbstractKeyword.groovy:26)
	at com.kms.katalon.core.webui.keyword.builtin.ClickKeyword$_click_closure1.doCall(ClickKeyword.groovy:77)
	at com.kms.katalon.core.webui.keyword.builtin.ClickKeyword$_click_closure1.call(ClickKeyword.groovy)
	at com.kms.katalon.core.webui.keyword.internal.WebUIKeywordMain.runKeyword(WebUIKeywordMain.groovy:20)
	at com.kms.katalon.core.webui.keyword.builtin.ClickKeyword.click(ClickKeyword.groovy:86)
	at com.kms.katalon.core.webui.keyword.builtin.ClickKeyword.execute(ClickKeyword.groovy:67)
	at com.kms.katalon.core.keyword.internal.KeywordExecutor.executeKeywordForPlatform(KeywordExecutor.groovy:56)
	at com.kms.katalon.core.webui.keyword.WebUiBuiltInKeywords.click(WebUiBuiltInKeywords.groovy:616)
	at com.kms.katalon.core.webui.keyword.WebUiBuiltInKeywords$click$0.call(Unknown Source)
	at Script1556127265800.run(Script1556127265800.groovy:85)
	... 13 more]]></system-out>
         <system-err><![CDATA[2019-04-29 13:41:07 - [TEST_CASE][FAILED] - Test Cases/Booking02: Test Cases/Booking02 FAILED.
Reason:
com.kms.katalon.core.exception.StepFailedException: Unable to click on object 'eldia'
	at com.kms.katalon.core.webui.keyword.internal.WebUIKeywordMain.stepFailed(WebUIKeywordMain.groovy:64)
	at com.kms.katalon.core.webui.keyword.internal.WebUIKeywordMain.runKeyword(WebUIKeywordMain.groovy:26)
	at com.kms.katalon.core.webui.keyword.builtin.ClickKeyword.click(ClickKeyword.groovy:86)
	at com.kms.katalon.core.webui.keyword.builtin.ClickKeyword.execute(ClickKeyword.groovy:67)
	at com.kms.katalon.core.keyword.internal.KeywordExecutor.executeKeywordForPlatform(KeywordExecutor.groovy:56)
	at com.kms.katalon.core.webui.keyword.WebUiBuiltInKeywords.click(WebUiBuiltInKeywords.groovy:616)
	at com.kms.katalon.core.webui.keyword.WebUiBuiltInKeywords$click$0.call(Unknown Source)
	at Booking02.run(Booking02:85)
	at com.kms.katalon.core.main.ScriptEngine.run(ScriptEngine.java:194)
	at com.kms.katalon.core.main.ScriptEngine.runScriptAsRawText(ScriptEngine.java:119)
	at com.kms.katalon.core.main.TestCaseExecutor.runScript(TestCaseExecutor.java:331)
	at com.kms.katalon.core.main.TestCaseExecutor.doExecute(TestCaseExecutor.java:322)
	at com.kms.katalon.core.main.TestCaseExecutor.processExecutionPhase(TestCaseExecutor.java:301)
	at com.kms.katalon.core.main.TestCaseExecutor.accessMainPhase(TestCaseExecutor.java:293)
	at com.kms.katalon.core.main.TestCaseExecutor.execute(TestCaseExecutor.java:227)
	at com.kms.katalon.core.main.TestSuiteExecutor.accessTestCaseMainPhase(TestSuiteExecutor.java:129)
	at com.kms.katalon.core.main.TestSuiteExecutor.accessTestSuiteMainPhase(TestSuiteExecutor.java:112)
	at com.kms.katalon.core.main.TestSuiteExecutor.execute(TestSuiteExecutor.java:81)
	at com.kms.katalon.core.main.TestCaseMain.startTestSuite(TestCaseMain.java:157)
	at com.kms.katalon.core.main.TestCaseMain$startTestSuite$0.call(Unknown Source)
	at TempTestSuite1556559665371.run(TempTestSuite1556559665371.groovy:35)
Caused by: com.kms.katalon.core.webui.exception.WebElementNotFoundException: Web element with id: 'eldia' located by 'By.xpath: //div[contains(@class, 'pika-single') and contains(@class, 'is-bound') and not(contains(@class, 'is-hidden'))]/div[@class='pika-lendar'][1]/table[@class='pika-table']/tbody/tr/td/button[count(. | //*[@type = 'button' and @data-pika-day = '01']) = count(//*[@type = 'button' and @data-pika-day = '01'])]' not found
	at com.kms.katalon.core.webui.common.WebUiCommonHelper.findWebElement(WebUiCommonHelper.java:1053)
	at com.kms.katalon.core.webui.keyword.internal.WebUIAbstractKeyword.findWebElement(WebUIAbstractKeyword.groovy:27)
	at com.kms.katalon.core.webui.keyword.internal.WebUIAbstractKeyword.findWebElement(WebUIAbstractKeyword.groovy:26)
	at com.kms.katalon.core.webui.keyword.builtin.ClickKeyword$_click_closure1.doCall(ClickKeyword.groovy:77)
	at com.kms.katalon.core.webui.keyword.builtin.ClickKeyword$_click_closure1.call(ClickKeyword.groovy)
	at com.kms.katalon.core.webui.keyword.internal.WebUIKeywordMain.runKeyword(WebUIKeywordMain.groovy:20)
	at com.kms.katalon.core.webui.keyword.builtin.ClickKeyword.click(ClickKeyword.groovy:86)
	at com.kms.katalon.core.webui.keyword.builtin.ClickKeyword.execute(ClickKeyword.groovy:67)
	at com.kms.katalon.core.keyword.internal.KeywordExecutor.executeKeywordForPlatform(KeywordExecutor.groovy:56)
	at com.kms.katalon.core.webui.keyword.WebUiBuiltInKeywords.click(WebUiBuiltInKeywords.groovy:616)
	at com.kms.katalon.core.webui.keyword.WebUiBuiltInKeywords$click$0.call(Unknown Source)
	at Script1556127265800.run(Script1556127265800.groovy:85)
	... 13 more]]></system-err>
      </testcase>
      <testcase name="Test Cases/Booking02" classname="Test Cases/Booking02" status="PASSED">
         <system-out><![CDATA[2019-04-29 13:41:58 - [TEST_CASE][PASSED] - Test Cases/Booking02: Test Cases/Booking02

2019-04-29 13:41:59 - [TEST_STEP][PASSED] - openBrowser("https://bookit-qa6.com"): Browser is opened with url: 'https://bookit-qa6.com'

2019-04-29 13:41:59 - [MESSAGE][WARNING] - A browser is already opened. Closing browser and opening a new one

2019-04-29 13:41:59 - [MESSAGE][INFO] - Starting 'Chrome' driver

2019-04-29 13:42:04 - [MESSAGE][PASSED] - Browser is opened with url: 'https://bookit-qa6.com'

2019-04-29 13:42:04 - [TEST_STEP][PASSED] - click(findTestObject("homepage/flight_checkbox")): Object: 'Object Repository/homepage/flight_checkbox' is clicked on

2019-04-29 13:42:06 - [MESSAGE][PASSED] - Object: 'Object Repository/homepage/flight_checkbox' is clicked on

2019-04-29 13:42:06 - [TEST_STEP][PASSED] - setText(findTestObject("homepage/city_or_airport"), "cheese"): Text 'cheese' is set on object 'Object Repository/homepage/city_or_airport'

2019-04-29 13:42:07 - [MESSAGE][PASSED] - Text 'cheese' is set on object 'Object Repository/homepage/city_or_airport'

2019-04-29 13:42:07 - [TEST_STEP][PASSED] - delay(1): Delayed 1 second(s)

2019-04-29 13:42:08 - [MESSAGE][PASSED] - Delayed 1 second(s)

2019-04-29 13:42:08 - [TEST_STEP][PASSED] - click(findTestObject("homepage/div_Cheese City IL US")): Object: 'Object Repository/homepage/div_Cheese City IL US' is clicked on

2019-04-29 13:42:08 - [MESSAGE][PASSED] - Object: 'Object Repository/homepage/div_Cheese City IL US' is clicked on

2019-04-29 13:42:08 - [TEST_STEP][PASSED] - checkinId = getAttribute(findTestObject("homepage/checkin_date"), "id"): Attribute 'id' of object 'Object Repository/homepage/checkin_date' is: 'ember532-fd'

2019-04-29 13:42:08 - [MESSAGE][PASSED] - Attribute 'id' of object 'Object Repository/homepage/checkin_date' is: 'ember532-fd'

2019-04-29 13:42:08 - [TEST_STEP][PASSED] - checkoutId = getAttribute(findTestObject("homepage/checkout_date"), "id"): Attribute 'id' of object 'Object Repository/homepage/checkout_date' is: 'ember532-td'

2019-04-29 13:42:08 - [MESSAGE][PASSED] - Attribute 'id' of object 'Object Repository/homepage/checkout_date' is: 'ember532-td'

2019-04-29 13:42:08 - [TEST_STEP][PASSED] - iniDate = moIni + "/" + dayIni + "/" + yrIni: null

2019-04-29 13:42:08 - [TEST_STEP][PASSED] - myIniDate = "$('#" + checkinId + "').val('" + iniDate + "')": null

2019-04-29 13:42:08 - [TEST_STEP][PASSED] - endDate = moEnd + "/" + dayEnd + "/" + yrEnd: null

2019-04-29 13:42:08 - [TEST_STEP][PASSED] - myEndDate = "$('#" + checkoutId + "').val('" + endDate + "')": null

2019-04-29 13:42:08 - [TEST_STEP][PASSED] - strMoIni = bookitKeywords.commonFunctions.getMonthName(moIni): bookitKeywords.commonFunctions.getMonthName is PASSED

2019-04-29 13:42:08 - [MESSAGE][PASSED] - bookitKeywords.commonFunctions.getMonthName is PASSED

2019-04-29 13:42:08 - [TEST_STEP][PASSED] - strMoEnd = bookitKeywords.commonFunctions.getMonthName(moEnd): bookitKeywords.commonFunctions.getMonthName is PASSED

2019-04-29 13:42:08 - [MESSAGE][PASSED] - bookitKeywords.commonFunctions.getMonthName is PASSED

2019-04-29 13:42:08 - [TEST_STEP][PASSED] - click(findTestObject("homepage/checkin_date")): Object: 'Object Repository/homepage/checkin_date' is clicked on

2019-04-29 13:42:08 - [MESSAGE][PASSED] - Object: 'Object Repository/homepage/checkin_date' is clicked on

2019-04-29 13:42:08 - [TEST_STEP][PASSED] - delay(1): Delayed 1 second(s)

2019-04-29 13:42:09 - [MESSAGE][PASSED] - Delayed 1 second(s)

2019-04-29 13:42:09 - [TEST_STEP][PASSED] - if (verifyElementPresent(findTestObject("homepage/sel_date_month1"), 1, CONTINUE_ON_FAILURE)): null

2019-04-29 13:42:09 - [MESSAGE][PASSED] - Object 'Object Repository/homepage/sel_date_month1' is present

2019-04-29 13:42:09 - [TEST_STEP][PASSED] - if (waitForElementClickable(findTestObject("homepage/sel_date_month1"), 1, CONTINUE_ON_FAILURE)): null

2019-04-29 13:42:09 - [MESSAGE][PASSED] - Object 'Object Repository/homepage/sel_date_month1' is clickable

2019-04-29 13:42:09 - [TEST_STEP][PASSED] - click(findTestObject("homepage/sel_date_month1"), CONTINUE_ON_FAILURE): Object: 'Object Repository/homepage/sel_date_month1' is clicked on

2019-04-29 13:42:09 - [MESSAGE][PASSED] - Object: 'Object Repository/homepage/sel_date_month1' is clicked on

2019-04-29 13:42:09 - [TEST_STEP][PASSED] - if (verifyOptionPresentByLabel(findTestObject("homepage/sel_date_month1"), strMoIni, false, 1, CONTINUE_ON_FAILURE)): Delayed 1 second(s)

2019-04-29 13:42:09 - [MESSAGE][PASSED] - 1 option(s) with label 'June' is/are present in object 'Object Repository/homepage/sel_date_month1' 

2019-04-29 13:42:09 - [TEST_STEP][PASSED] - selectOptionByIndex(findTestObject("homepage/sel_date_month1"), 4, CONTINUE_ON_FAILURE): All options with index in [4] are selected on object 'Object Repository/homepage/sel_date_month1'

2019-04-29 13:42:09 - [MESSAGE][PASSED] - All options with index in [4] are selected on object 'Object Repository/homepage/sel_date_month1'

2019-04-29 13:42:09 - [TEST_STEP][PASSED] - delay(1): Delayed 1 second(s)

2019-04-29 13:42:10 - [MESSAGE][PASSED] - Delayed 1 second(s)

2019-04-29 13:42:10 - [TEST_STEP][PASSED] - if (verifyElementPresent(findTestObject("homepage/sel_date_year1"), 1, CONTINUE_ON_FAILURE)): null

2019-04-29 13:42:11 - [MESSAGE][PASSED] - Object 'Object Repository/homepage/sel_date_year1' is present

2019-04-29 13:42:11 - [TEST_STEP][PASSED] - if (waitForElementClickable(findTestObject("homepage/sel_date_year1"), 1, CONTINUE_ON_FAILURE)): null

2019-04-29 13:42:11 - [MESSAGE][PASSED] - Object 'Object Repository/homepage/sel_date_year1' is clickable

2019-04-29 13:42:11 - [TEST_STEP][PASSED] - click(findTestObject("homepage/sel_date_year1"), CONTINUE_ON_FAILURE): Object: 'Object Repository/homepage/sel_date_year1' is clicked on

2019-04-29 13:42:11 - [MESSAGE][PASSED] - Object: 'Object Repository/homepage/sel_date_year1' is clicked on

2019-04-29 13:42:11 - [TEST_STEP][PASSED] - if (verifyOptionPresentByLabel(findTestObject("homepage/sel_date_year1"), yrIni, false, 1, CONTINUE_ON_FAILURE)): Delayed 1 second(s)

2019-04-29 13:42:11 - [MESSAGE][PASSED] - 1 option(s) with label '2019' is/are present in object 'Object Repository/homepage/sel_date_year1' 

2019-04-29 13:42:11 - [TEST_STEP][PASSED] - selectOptionByLabel(findTestObject("homepage/sel_date_year1"), yrIni, false, CONTINUE_ON_FAILURE): All options with label '2019' are selected in object 'Object Repository/homepage/sel_date_year1' 

2019-04-29 13:42:11 - [MESSAGE][PASSED] - All options with label '2019' are selected in object 'Object Repository/homepage/sel_date_year1' 

2019-04-29 13:42:11 - [TEST_STEP][PASSED] - delay(1): Delayed 1 second(s)

2019-04-29 13:42:12 - [MESSAGE][PASSED] - Delayed 1 second(s)

2019-04-29 13:42:12 - [TEST_STEP][PASSED] - dynxpath = "//div[contains(@class, 'pika-single') and contains(@class, 'is-bound') and not(contains(@class, 'is-hidden'))]/div[@class='pika-lendar'][1]/table[@class='pika-table']/tbody/tr/td/button[count(. | //*[@type = 'button' and @data-pika-day = '" + dayIni + "']) = count(//*[@type = 'button' and @data-pika-day = '" + dayIni + "'])]": null

2019-04-29 13:42:12 - [TEST_STEP][PASSED] - to = new com.kms.katalon.core.testobject.TestObject(eldia): null

2019-04-29 13:42:12 - [TEST_STEP][PASSED] - to.addProperty("xpath", EQUALS, dynxpath): null

2019-04-29 13:42:12 - [TEST_STEP][PASSED] - click(to): Object: 'eldia' is clicked on

2019-04-29 13:42:12 - [MESSAGE][PASSED] - Object: 'eldia' is clicked on

2019-04-29 13:42:12 - [TEST_STEP][PASSED] - click(findTestObject("homepage/checkout_date")): Object: 'Object Repository/homepage/checkout_date' is clicked on

2019-04-29 13:42:12 - [MESSAGE][PASSED] - Object: 'Object Repository/homepage/checkout_date' is clicked on

2019-04-29 13:42:12 - [TEST_STEP][PASSED] - delay(1): Delayed 1 second(s)

2019-04-29 13:42:13 - [MESSAGE][PASSED] - Delayed 1 second(s)

2019-04-29 13:42:13 - [TEST_STEP][PASSED] - if (verifyElementPresent(findTestObject("homepage/sel_date_month2"), 1, CONTINUE_ON_FAILURE)): null

2019-04-29 13:42:13 - [MESSAGE][PASSED] - Object 'Object Repository/homepage/sel_date_month2' is present

2019-04-29 13:42:13 - [TEST_STEP][PASSED] - if (waitForElementClickable(findTestObject("homepage/sel_date_month2"), 1, CONTINUE_ON_FAILURE)): null

2019-04-29 13:42:13 - [MESSAGE][PASSED] - Object 'Object Repository/homepage/sel_date_month2' is clickable

2019-04-29 13:42:13 - [TEST_STEP][PASSED] - click(findTestObject("homepage/sel_date_month2"), CONTINUE_ON_FAILURE): Object: 'Object Repository/homepage/sel_date_month2' is clicked on

2019-04-29 13:42:13 - [MESSAGE][PASSED] - Object: 'Object Repository/homepage/sel_date_month2' is clicked on

2019-04-29 13:42:13 - [TEST_STEP][PASSED] - if (verifyOptionPresentByLabel(findTestObject("homepage/sel_date_month2"), strMoEnd, false, 1, CONTINUE_ON_FAILURE)): Delayed 1 second(s)

2019-04-29 13:42:14 - [MESSAGE][PASSED] - 1 option(s) with label 'June' is/are present in object 'Object Repository/homepage/sel_date_month2' 

2019-04-29 13:42:14 - [TEST_STEP][PASSED] - selectOptionByIndex(findTestObject("homepage/sel_date_month2"), 4, CONTINUE_ON_FAILURE): All options with index in [4] are selected on object 'Object Repository/homepage/sel_date_month2'

2019-04-29 13:42:14 - [MESSAGE][PASSED] - All options with index in [4] are selected on object 'Object Repository/homepage/sel_date_month2'

2019-04-29 13:42:14 - [TEST_STEP][PASSED] - delay(1): Delayed 1 second(s)

2019-04-29 13:42:15 - [MESSAGE][PASSED] - Delayed 1 second(s)

2019-04-29 13:42:15 - [TEST_STEP][PASSED] - if (verifyElementPresent(findTestObject("homepage/sel_date_year2"), 1, CONTINUE_ON_FAILURE)): null

2019-04-29 13:42:15 - [MESSAGE][PASSED] - Object 'Object Repository/homepage/sel_date_year2' is present

2019-04-29 13:42:15 - [TEST_STEP][PASSED] - if (waitForElementClickable(findTestObject("homepage/sel_date_year2"), 1, CONTINUE_ON_FAILURE)): null

2019-04-29 13:42:15 - [MESSAGE][PASSED] - Object 'Object Repository/homepage/sel_date_year2' is clickable

2019-04-29 13:42:15 - [TEST_STEP][PASSED] - click(findTestObject("homepage/sel_date_year2"), CONTINUE_ON_FAILURE): Object: 'Object Repository/homepage/sel_date_year2' is clicked on

2019-04-29 13:42:15 - [MESSAGE][PASSED] - Object: 'Object Repository/homepage/sel_date_year2' is clicked on

2019-04-29 13:42:15 - [TEST_STEP][PASSED] - if (verifyOptionPresentByLabel(findTestObject("homepage/sel_date_year2"), yrEnd, false, 1, CONTINUE_ON_FAILURE)): Delayed 1 second(s)

2019-04-29 13:42:15 - [MESSAGE][PASSED] - 1 option(s) with label '2019' is/are present in object 'Object Repository/homepage/sel_date_year2' 

2019-04-29 13:42:15 - [TEST_STEP][PASSED] - selectOptionByLabel(findTestObject("homepage/sel_date_year2"), yrEnd, false, CONTINUE_ON_FAILURE): All options with label '2019' are selected in object 'Object Repository/homepage/sel_date_year2' 

2019-04-29 13:42:15 - [MESSAGE][PASSED] - All options with label '2019' are selected in object 'Object Repository/homepage/sel_date_year2' 

2019-04-29 13:42:15 - [TEST_STEP][PASSED] - delay(1): Delayed 1 second(s)

2019-04-29 13:42:16 - [MESSAGE][PASSED] - Delayed 1 second(s)

2019-04-29 13:42:16 - [TEST_STEP][PASSED] - dynxpath2 = "//div[contains(@class, 'pika-single') and contains(@class, 'is-bound') and not(contains(@class, 'is-hidden'))]/div[@class='pika-lendar'][1]/table[@class='pika-table']/tbody/tr/td/button[count(. | //*[@type = 'button' and @data-pika-day = '" + dayEnd + "']) = count(//*[@type = 'button' and @data-pika-day = '" + dayEnd + "'])]": null

2019-04-29 13:42:16 - [TEST_STEP][PASSED] - to2 = new com.kms.katalon.core.testobject.TestObject(eldia2): null

2019-04-29 13:42:16 - [TEST_STEP][PASSED] - to2.addProperty("xpath", EQUALS, dynxpath2): null

2019-04-29 13:42:16 - [TEST_STEP][PASSED] - click(to2): Object: 'eldia2' is clicked on

2019-04-29 13:42:16 - [MESSAGE][PASSED] - Object: 'eldia2' is clicked on

2019-04-29 13:42:16 - [TEST_STEP][PASSED] - click(findTestObject("homepage/button_Search")): Object: 'Object Repository/homepage/button_Search' is clicked on

2019-04-29 13:42:17 - [MESSAGE][PASSED] - Object: 'Object Repository/homepage/button_Search' is clicked on

2019-04-29 13:42:17 - [TEST_STEP][PASSED] - waitForPageLoad(5): Wait for page load successfully

2019-04-29 13:42:19 - [MESSAGE][PASSED] - Wait for page load successfully

2019-04-29 13:42:19 - [TEST_STEP][PASSED] - closeBrowser(): Browser is closed

2019-04-29 13:42:20 - [MESSAGE][PASSED] - Browser is closed]]></system-out>
         <system-err><![CDATA[]]></system-err>
      </testcase>
      <testcase name="Test Cases/Booking02" classname="Test Cases/Booking02" status="FAILED">
         <failure type="FAILED" message="Test Cases/Booking02 FAILED.
Reason:
com.kms.katalon.core.exception.StepFailedException: Unable to click on object 'eldia'
	at com.kms.katalon.core.webui.keyword.internal.WebUIKeywordMain.stepFailed(WebUIKeywordMain.groovy:64)
	at com.kms.katalon.core.webui.keyword.internal.WebUIKeywordMain.runKeyword(WebUIKeywordMain.groovy:26)
	at com.kms.katalon.core.webui.keyword.builtin.ClickKeyword.click(ClickKeyword.groovy:86)
	at com.kms.katalon.core.webui.keyword.builtin.ClickKeyword.execute(ClickKeyword.groovy:67)
	at com.kms.katalon.core.keyword.internal.KeywordExecutor.executeKeywordForPlatform(KeywordExecutor.groovy:56)
	at com.kms.katalon.core.webui.keyword.WebUiBuiltInKeywords.click(WebUiBuiltInKeywords.groovy:616)
	at com.kms.katalon.core.webui.keyword.WebUiBuiltInKeywords$click$0.call(Unknown Source)
	at Booking02.run(Booking02:85)
	at com.kms.katalon.core.main.ScriptEngine.run(ScriptEngine.java:194)
	at com.kms.katalon.core.main.ScriptEngine.runScriptAsRawText(ScriptEngine.java:119)
	at com.kms.katalon.core.main.TestCaseExecutor.runScript(TestCaseExecutor.java:331)
	at com.kms.katalon.core.main.TestCaseExecutor.doExecute(TestCaseExecutor.java:322)
	at com.kms.katalon.core.main.TestCaseExecutor.processExecutionPhase(TestCaseExecutor.java:301)
	at com.kms.katalon.core.main.TestCaseExecutor.accessMainPhase(TestCaseExecutor.java:293)
	at com.kms.katalon.core.main.TestCaseExecutor.execute(TestCaseExecutor.java:227)
	at com.kms.katalon.core.main.TestSuiteExecutor.accessTestCaseMainPhase(TestSuiteExecutor.java:129)
	at com.kms.katalon.core.main.TestSuiteExecutor.accessTestSuiteMainPhase(TestSuiteExecutor.java:112)
	at com.kms.katalon.core.main.TestSuiteExecutor.execute(TestSuiteExecutor.java:81)
	at com.kms.katalon.core.main.TestCaseMain.startTestSuite(TestCaseMain.java:157)
	at com.kms.katalon.core.main.TestCaseMain$startTestSuite$0.call(Unknown Source)
	at TempTestSuite1556559665371.run(TempTestSuite1556559665371.groovy:35)
Caused by: com.kms.katalon.core.webui.exception.WebElementNotFoundException: Web element with id: 'eldia' located by 'By.xpath: //div[contains(@class, 'pika-single') and contains(@class, 'is-bound') and not(contains(@class, 'is-hidden'))]/div[@class='pika-lendar'][1]/table[@class='pika-table']/tbody/tr/td/button[count(. | //*[@type = 'button' and @data-pika-day = '01']) = count(//*[@type = 'button' and @data-pika-day = '01'])]' not found
	at com.kms.katalon.core.webui.common.WebUiCommonHelper.findWebElement(WebUiCommonHelper.java:1053)
	at com.kms.katalon.core.webui.keyword.internal.WebUIAbstractKeyword.findWebElement(WebUIAbstractKeyword.groovy:27)
	at com.kms.katalon.core.webui.keyword.internal.WebUIAbstractKeyword.findWebElement(WebUIAbstractKeyword.groovy:26)
	at com.kms.katalon.core.webui.keyword.builtin.ClickKeyword$_click_closure1.doCall(ClickKeyword.groovy:77)
	at com.kms.katalon.core.webui.keyword.builtin.ClickKeyword$_click_closure1.call(ClickKeyword.groovy)
	at com.kms.katalon.core.webui.keyword.internal.WebUIKeywordMain.runKeyword(WebUIKeywordMain.groovy:20)
	at com.kms.katalon.core.webui.keyword.builtin.ClickKeyword.click(ClickKeyword.groovy:86)
	at com.kms.katalon.core.webui.keyword.builtin.ClickKeyword.execute(ClickKeyword.groovy:67)
	at com.kms.katalon.core.keyword.internal.KeywordExecutor.executeKeywordForPlatform(KeywordExecutor.groovy:56)
	at com.kms.katalon.core.webui.keyword.WebUiBuiltInKeywords.click(WebUiBuiltInKeywords.groovy:616)
	at com.kms.katalon.core.webui.keyword.WebUiBuiltInKeywords$click$0.call(Unknown Source)
	at Script1556127265800.run(Script1556127265800.groovy:85)
	... 13 more
"/>
         <system-out><![CDATA[2019-04-29 13:42:20 - [TEST_CASE][FAILED] - Test Cases/Booking02: Test Cases/Booking02 FAILED.
Reason:
com.kms.katalon.core.exception.StepFailedException: Unable to click on object 'eldia'
	at com.kms.katalon.core.webui.keyword.internal.WebUIKeywordMain.stepFailed(WebUIKeywordMain.groovy:64)
	at com.kms.katalon.core.webui.keyword.internal.WebUIKeywordMain.runKeyword(WebUIKeywordMain.groovy:26)
	at com.kms.katalon.core.webui.keyword.builtin.ClickKeyword.click(ClickKeyword.groovy:86)
	at com.kms.katalon.core.webui.keyword.builtin.ClickKeyword.execute(ClickKeyword.groovy:67)
	at com.kms.katalon.core.keyword.internal.KeywordExecutor.executeKeywordForPlatform(KeywordExecutor.groovy:56)
	at com.kms.katalon.core.webui.keyword.WebUiBuiltInKeywords.click(WebUiBuiltInKeywords.groovy:616)
	at com.kms.katalon.core.webui.keyword.WebUiBuiltInKeywords$click$0.call(Unknown Source)
	at Booking02.run(Booking02:85)
	at com.kms.katalon.core.main.ScriptEngine.run(ScriptEngine.java:194)
	at com.kms.katalon.core.main.ScriptEngine.runScriptAsRawText(ScriptEngine.java:119)
	at com.kms.katalon.core.main.TestCaseExecutor.runScript(TestCaseExecutor.java:331)
	at com.kms.katalon.core.main.TestCaseExecutor.doExecute(TestCaseExecutor.java:322)
	at com.kms.katalon.core.main.TestCaseExecutor.processExecutionPhase(TestCaseExecutor.java:301)
	at com.kms.katalon.core.main.TestCaseExecutor.accessMainPhase(TestCaseExecutor.java:293)
	at com.kms.katalon.core.main.TestCaseExecutor.execute(TestCaseExecutor.java:227)
	at com.kms.katalon.core.main.TestSuiteExecutor.accessTestCaseMainPhase(TestSuiteExecutor.java:129)
	at com.kms.katalon.core.main.TestSuiteExecutor.accessTestSuiteMainPhase(TestSuiteExecutor.java:112)
	at com.kms.katalon.core.main.TestSuiteExecutor.execute(TestSuiteExecutor.java:81)
	at com.kms.katalon.core.main.TestCaseMain.startTestSuite(TestCaseMain.java:157)
	at com.kms.katalon.core.main.TestCaseMain$startTestSuite$0.call(Unknown Source)
	at TempTestSuite1556559665371.run(TempTestSuite1556559665371.groovy:35)
Caused by: com.kms.katalon.core.webui.exception.WebElementNotFoundException: Web element with id: 'eldia' located by 'By.xpath: //div[contains(@class, 'pika-single') and contains(@class, 'is-bound') and not(contains(@class, 'is-hidden'))]/div[@class='pika-lendar'][1]/table[@class='pika-table']/tbody/tr/td/button[count(. | //*[@type = 'button' and @data-pika-day = '01']) = count(//*[@type = 'button' and @data-pika-day = '01'])]' not found
	at com.kms.katalon.core.webui.common.WebUiCommonHelper.findWebElement(WebUiCommonHelper.java:1053)
	at com.kms.katalon.core.webui.keyword.internal.WebUIAbstractKeyword.findWebElement(WebUIAbstractKeyword.groovy:27)
	at com.kms.katalon.core.webui.keyword.internal.WebUIAbstractKeyword.findWebElement(WebUIAbstractKeyword.groovy:26)
	at com.kms.katalon.core.webui.keyword.builtin.ClickKeyword$_click_closure1.doCall(ClickKeyword.groovy:77)
	at com.kms.katalon.core.webui.keyword.builtin.ClickKeyword$_click_closure1.call(ClickKeyword.groovy)
	at com.kms.katalon.core.webui.keyword.internal.WebUIKeywordMain.runKeyword(WebUIKeywordMain.groovy:20)
	at com.kms.katalon.core.webui.keyword.builtin.ClickKeyword.click(ClickKeyword.groovy:86)
	at com.kms.katalon.core.webui.keyword.builtin.ClickKeyword.execute(ClickKeyword.groovy:67)
	at com.kms.katalon.core.keyword.internal.KeywordExecutor.executeKeywordForPlatform(KeywordExecutor.groovy:56)
	at com.kms.katalon.core.webui.keyword.WebUiBuiltInKeywords.click(WebUiBuiltInKeywords.groovy:616)
	at com.kms.katalon.core.webui.keyword.WebUiBuiltInKeywords$click$0.call(Unknown Source)
	at Script1556127265800.run(Script1556127265800.groovy:85)
	... 13 more


2019-04-29 13:42:20 - [TEST_STEP][PASSED] - openBrowser("https://bookit-qa6.com"): Browser is opened with url: 'https://bookit-qa6.com'

2019-04-29 13:42:20 - [MESSAGE][INFO] - Starting 'Chrome' driver

2019-04-29 13:42:24 - [MESSAGE][PASSED] - Browser is opened with url: 'https://bookit-qa6.com'

2019-04-29 13:42:24 - [TEST_STEP][PASSED] - click(findTestObject("homepage/flight_checkbox")): Object: 'Object Repository/homepage/flight_checkbox' is clicked on

2019-04-29 13:42:26 - [MESSAGE][PASSED] - Object: 'Object Repository/homepage/flight_checkbox' is clicked on

2019-04-29 13:42:26 - [TEST_STEP][PASSED] - setText(findTestObject("homepage/city_or_airport"), "cheese"): Text 'cheese' is set on object 'Object Repository/homepage/city_or_airport'

2019-04-29 13:42:26 - [MESSAGE][PASSED] - Text 'cheese' is set on object 'Object Repository/homepage/city_or_airport'

2019-04-29 13:42:26 - [TEST_STEP][PASSED] - delay(1): Delayed 1 second(s)

2019-04-29 13:42:27 - [MESSAGE][PASSED] - Delayed 1 second(s)

2019-04-29 13:42:27 - [TEST_STEP][PASSED] - click(findTestObject("homepage/div_Cheese City IL US")): Object: 'Object Repository/homepage/div_Cheese City IL US' is clicked on

2019-04-29 13:42:27 - [MESSAGE][PASSED] - Object: 'Object Repository/homepage/div_Cheese City IL US' is clicked on

2019-04-29 13:42:27 - [TEST_STEP][PASSED] - checkinId = getAttribute(findTestObject("homepage/checkin_date"), "id"): Attribute 'id' of object 'Object Repository/homepage/checkin_date' is: 'ember532-fd'

2019-04-29 13:42:27 - [MESSAGE][PASSED] - Attribute 'id' of object 'Object Repository/homepage/checkin_date' is: 'ember532-fd'

2019-04-29 13:42:27 - [TEST_STEP][PASSED] - checkoutId = getAttribute(findTestObject("homepage/checkout_date"), "id"): Attribute 'id' of object 'Object Repository/homepage/checkout_date' is: 'ember532-td'

2019-04-29 13:42:28 - [MESSAGE][PASSED] - Attribute 'id' of object 'Object Repository/homepage/checkout_date' is: 'ember532-td'

2019-04-29 13:42:28 - [TEST_STEP][PASSED] - iniDate = moIni + "/" + dayIni + "/" + yrIni: null

2019-04-29 13:42:28 - [TEST_STEP][PASSED] - myIniDate = "$('#" + checkinId + "').val('" + iniDate + "')": null

2019-04-29 13:42:28 - [TEST_STEP][PASSED] - endDate = moEnd + "/" + dayEnd + "/" + yrEnd: null

2019-04-29 13:42:28 - [TEST_STEP][PASSED] - myEndDate = "$('#" + checkoutId + "').val('" + endDate + "')": null

2019-04-29 13:42:28 - [TEST_STEP][PASSED] - strMoIni = bookitKeywords.commonFunctions.getMonthName(moIni): bookitKeywords.commonFunctions.getMonthName is PASSED

2019-04-29 13:42:28 - [MESSAGE][PASSED] - bookitKeywords.commonFunctions.getMonthName is PASSED

2019-04-29 13:42:28 - [TEST_STEP][PASSED] - strMoEnd = bookitKeywords.commonFunctions.getMonthName(moEnd): bookitKeywords.commonFunctions.getMonthName is PASSED

2019-04-29 13:42:28 - [MESSAGE][PASSED] - bookitKeywords.commonFunctions.getMonthName is PASSED

2019-04-29 13:42:28 - [TEST_STEP][PASSED] - click(findTestObject("homepage/checkin_date")): Object: 'Object Repository/homepage/checkin_date' is clicked on

2019-04-29 13:42:28 - [MESSAGE][PASSED] - Object: 'Object Repository/homepage/checkin_date' is clicked on

2019-04-29 13:42:28 - [TEST_STEP][PASSED] - delay(1): Delayed 1 second(s)

2019-04-29 13:42:29 - [MESSAGE][PASSED] - Delayed 1 second(s)

2019-04-29 13:42:29 - [TEST_STEP][PASSED] - if (verifyElementPresent(findTestObject("homepage/sel_date_month1"), 1, CONTINUE_ON_FAILURE)): null

2019-04-29 13:42:29 - [MESSAGE][PASSED] - Object 'Object Repository/homepage/sel_date_month1' is present

2019-04-29 13:42:29 - [TEST_STEP][PASSED] - if (waitForElementClickable(findTestObject("homepage/sel_date_month1"), 1, CONTINUE_ON_FAILURE)): null

2019-04-29 13:42:29 - [MESSAGE][PASSED] - Object 'Object Repository/homepage/sel_date_month1' is clickable

2019-04-29 13:42:29 - [TEST_STEP][PASSED] - click(findTestObject("homepage/sel_date_month1"), CONTINUE_ON_FAILURE): Object: 'Object Repository/homepage/sel_date_month1' is clicked on

2019-04-29 13:42:29 - [MESSAGE][PASSED] - Object: 'Object Repository/homepage/sel_date_month1' is clicked on

2019-04-29 13:42:29 - [TEST_STEP][PASSED] - if (verifyOptionPresentByLabel(findTestObject("homepage/sel_date_month1"), strMoIni, false, 1, CONTINUE_ON_FAILURE)): Delayed 1 second(s)

2019-04-29 13:42:29 - [MESSAGE][PASSED] - 1 option(s) with label 'May' is/are present in object 'Object Repository/homepage/sel_date_month1' 

2019-04-29 13:42:29 - [TEST_STEP][PASSED] - selectOptionByIndex(findTestObject("homepage/sel_date_month1"), 4, CONTINUE_ON_FAILURE): All options with index in [4] are selected on object 'Object Repository/homepage/sel_date_month1'

2019-04-29 13:42:29 - [MESSAGE][PASSED] - All options with index in [4] are selected on object 'Object Repository/homepage/sel_date_month1'

2019-04-29 13:42:29 - [TEST_STEP][PASSED] - delay(1): Delayed 1 second(s)

2019-04-29 13:42:30 - [MESSAGE][PASSED] - Delayed 1 second(s)

2019-04-29 13:42:30 - [TEST_STEP][PASSED] - if (verifyElementPresent(findTestObject("homepage/sel_date_year1"), 1, CONTINUE_ON_FAILURE)): null

2019-04-29 13:42:30 - [MESSAGE][PASSED] - Object 'Object Repository/homepage/sel_date_year1' is present

2019-04-29 13:42:30 - [TEST_STEP][PASSED] - if (waitForElementClickable(findTestObject("homepage/sel_date_year1"), 1, CONTINUE_ON_FAILURE)): null

2019-04-29 13:42:30 - [MESSAGE][PASSED] - Object 'Object Repository/homepage/sel_date_year1' is clickable

2019-04-29 13:42:30 - [TEST_STEP][PASSED] - click(findTestObject("homepage/sel_date_year1"), CONTINUE_ON_FAILURE): Object: 'Object Repository/homepage/sel_date_year1' is clicked on

2019-04-29 13:42:30 - [MESSAGE][PASSED] - Object: 'Object Repository/homepage/sel_date_year1' is clicked on

2019-04-29 13:42:30 - [TEST_STEP][PASSED] - if (verifyOptionPresentByLabel(findTestObject("homepage/sel_date_year1"), yrIni, false, 1, CONTINUE_ON_FAILURE)): Delayed 1 second(s)

2019-04-29 13:42:31 - [MESSAGE][PASSED] - 1 option(s) with label '2019' is/are present in object 'Object Repository/homepage/sel_date_year1' 

2019-04-29 13:42:31 - [TEST_STEP][PASSED] - selectOptionByLabel(findTestObject("homepage/sel_date_year1"), yrIni, false, CONTINUE_ON_FAILURE): All options with label '2019' are selected in object 'Object Repository/homepage/sel_date_year1' 

2019-04-29 13:42:31 - [MESSAGE][PASSED] - All options with label '2019' are selected in object 'Object Repository/homepage/sel_date_year1' 

2019-04-29 13:42:31 - [TEST_STEP][PASSED] - delay(1): Delayed 1 second(s)

2019-04-29 13:42:32 - [MESSAGE][PASSED] - Delayed 1 second(s)

2019-04-29 13:42:32 - [TEST_STEP][PASSED] - dynxpath = "//div[contains(@class, 'pika-single') and contains(@class, 'is-bound') and not(contains(@class, 'is-hidden'))]/div[@class='pika-lendar'][1]/table[@class='pika-table']/tbody/tr/td/button[count(. | //*[@type = 'button' and @data-pika-day = '" + dayIni + "']) = count(//*[@type = 'button' and @data-pika-day = '" + dayIni + "'])]": null

2019-04-29 13:42:32 - [TEST_STEP][PASSED] - to = new com.kms.katalon.core.testobject.TestObject(eldia): null

2019-04-29 13:42:32 - [TEST_STEP][PASSED] - to.addProperty("xpath", EQUALS, dynxpath): null

2019-04-29 13:42:32 - [TEST_STEP][FAILED] - click(to): click(to) FAILED.
Reason:
com.kms.katalon.core.exception.StepFailedException: Unable to click on object 'eldia'
	at com.kms.katalon.core.webui.keyword.internal.WebUIKeywordMain.stepFailed(WebUIKeywordMain.groovy:64)
	at com.kms.katalon.core.webui.keyword.internal.WebUIKeywordMain.runKeyword(WebUIKeywordMain.groovy:26)
	at com.kms.katalon.core.webui.keyword.builtin.ClickKeyword.click(ClickKeyword.groovy:86)
	at com.kms.katalon.core.webui.keyword.builtin.ClickKeyword.execute(ClickKeyword.groovy:67)
	at com.kms.katalon.core.keyword.internal.KeywordExecutor.executeKeywordForPlatform(KeywordExecutor.groovy:56)
	at com.kms.katalon.core.webui.keyword.WebUiBuiltInKeywords.click(WebUiBuiltInKeywords.groovy:616)
	at com.kms.katalon.core.webui.keyword.WebUiBuiltInKeywords$click$0.call(Unknown Source)
	at Booking02.run(Booking02:85)
	at com.kms.katalon.core.main.ScriptEngine.run(ScriptEngine.java:194)
	at com.kms.katalon.core.main.ScriptEngine.runScriptAsRawText(ScriptEngine.java:119)
	at com.kms.katalon.core.main.TestCaseExecutor.runScript(TestCaseExecutor.java:331)
	at com.kms.katalon.core.main.TestCaseExecutor.doExecute(TestCaseExecutor.java:322)
	at com.kms.katalon.core.main.TestCaseExecutor.processExecutionPhase(TestCaseExecutor.java:301)
	at com.kms.katalon.core.main.TestCaseExecutor.accessMainPhase(TestCaseExecutor.java:293)
	at com.kms.katalon.core.main.TestCaseExecutor.execute(TestCaseExecutor.java:227)
	at com.kms.katalon.core.main.TestSuiteExecutor.accessTestCaseMainPhase(TestSuiteExecutor.java:129)
	at com.kms.katalon.core.main.TestSuiteExecutor.accessTestSuiteMainPhase(TestSuiteExecutor.java:112)
	at com.kms.katalon.core.main.TestSuiteExecutor.execute(TestSuiteExecutor.java:81)
	at com.kms.katalon.core.main.TestCaseMain.startTestSuite(TestCaseMain.java:157)
	at com.kms.katalon.core.main.TestCaseMain$startTestSuite$0.call(Unknown Source)
	at TempTestSuite1556559665371.run(TempTestSuite1556559665371.groovy:35)
Caused by: com.kms.katalon.core.webui.exception.WebElementNotFoundException: Web element with id: 'eldia' located by 'By.xpath: //div[contains(@class, 'pika-single') and contains(@class, 'is-bound') and not(contains(@class, 'is-hidden'))]/div[@class='pika-lendar'][1]/table[@class='pika-table']/tbody/tr/td/button[count(. | //*[@type = 'button' and @data-pika-day = '01']) = count(//*[@type = 'button' and @data-pika-day = '01'])]' not found
	at com.kms.katalon.core.webui.common.WebUiCommonHelper.findWebElement(WebUiCommonHelper.java:1053)
	at com.kms.katalon.core.webui.keyword.internal.WebUIAbstractKeyword.findWebElement(WebUIAbstractKeyword.groovy:27)
	at com.kms.katalon.core.webui.keyword.internal.WebUIAbstractKeyword.findWebElement(WebUIAbstractKeyword.groovy:26)
	at com.kms.katalon.core.webui.keyword.builtin.ClickKeyword$_click_closure1.doCall(ClickKeyword.groovy:77)
	at com.kms.katalon.core.webui.keyword.builtin.ClickKeyword$_click_closure1.call(ClickKeyword.groovy)
	at com.kms.katalon.core.webui.keyword.internal.WebUIKeywordMain.runKeyword(WebUIKeywordMain.groovy:20)
	at com.kms.katalon.core.webui.keyword.builtin.ClickKeyword.click(ClickKeyword.groovy:86)
	at com.kms.katalon.core.webui.keyword.builtin.ClickKeyword.execute(ClickKeyword.groovy:67)
	at com.kms.katalon.core.keyword.internal.KeywordExecutor.executeKeywordForPlatform(KeywordExecutor.groovy:56)
	at com.kms.katalon.core.webui.keyword.WebUiBuiltInKeywords.click(WebUiBuiltInKeywords.groovy:616)
	at com.kms.katalon.core.webui.keyword.WebUiBuiltInKeywords$click$0.call(Unknown Source)
	at Script1556127265800.run(Script1556127265800.groovy:85)
	... 13 more


2019-04-29 13:43:07 - [MESSAGE][INFO] - Unable to find the element located by 'By.xpath: //div[contains(@class, 'pika-single') and contains(@class, 'is-bound') and not(contains(@class, 'is-hidden'))]/div[@class='pika-lendar'][1]/table[@class='pika-table']/tbody/tr/td/button[count(. | //*[@type = 'button' and @data-pika-day = '01']) = count(//*[@type = 'button' and @data-pika-day = '01'])]'. Please recheck the objects properties to make sure the desired element is located. 

2019-04-29 13:43:08 - [MESSAGE][FAILED] - Unable to click on object 'eldia' (Root cause: com.kms.katalon.core.exception.StepFailedException: Unable to click on object 'eldia'
	at com.kms.katalon.core.webui.keyword.internal.WebUIKeywordMain.stepFailed(WebUIKeywordMain.groovy:64)
	at com.kms.katalon.core.webui.keyword.internal.WebUIKeywordMain.runKeyword(WebUIKeywordMain.groovy:26)
	at com.kms.katalon.core.webui.keyword.builtin.ClickKeyword.click(ClickKeyword.groovy:86)
	at com.kms.katalon.core.webui.keyword.builtin.ClickKeyword.execute(ClickKeyword.groovy:67)
	at com.kms.katalon.core.keyword.internal.KeywordExecutor.executeKeywordForPlatform(KeywordExecutor.groovy:56)
	at com.kms.katalon.core.webui.keyword.WebUiBuiltInKeywords.click(WebUiBuiltInKeywords.groovy:616)
	at com.kms.katalon.core.webui.keyword.WebUiBuiltInKeywords$click$0.call(Unknown Source)
	at Booking02.run(Booking02:85)
	at com.kms.katalon.core.main.ScriptEngine.run(ScriptEngine.java:194)
	at com.kms.katalon.core.main.ScriptEngine.runScriptAsRawText(ScriptEngine.java:119)
	at com.kms.katalon.core.main.TestCaseExecutor.runScript(TestCaseExecutor.java:331)
	at com.kms.katalon.core.main.TestCaseExecutor.doExecute(TestCaseExecutor.java:322)
	at com.kms.katalon.core.main.TestCaseExecutor.processExecutionPhase(TestCaseExecutor.java:301)
	at com.kms.katalon.core.main.TestCaseExecutor.accessMainPhase(TestCaseExecutor.java:293)
	at com.kms.katalon.core.main.TestCaseExecutor.execute(TestCaseExecutor.java:227)
	at com.kms.katalon.core.main.TestSuiteExecutor.accessTestCaseMainPhase(TestSuiteExecutor.java:129)
	at com.kms.katalon.core.main.TestSuiteExecutor.accessTestSuiteMainPhase(TestSuiteExecutor.java:112)
	at com.kms.katalon.core.main.TestSuiteExecutor.execute(TestSuiteExecutor.java:81)
	at com.kms.katalon.core.main.TestCaseMain.startTestSuite(TestCaseMain.java:157)
	at com.kms.katalon.core.main.TestCaseMain$startTestSuite$0.call(Unknown Source)
	at TempTestSuite1556559665371.run(TempTestSuite1556559665371.groovy:35)
Caused by: com.kms.katalon.core.webui.exception.WebElementNotFoundException: Web element with id: 'eldia' located by 'By.xpath: //div[contains(@class, 'pika-single') and contains(@class, 'is-bound') and not(contains(@class, 'is-hidden'))]/div[@class='pika-lendar'][1]/table[@class='pika-table']/tbody/tr/td/button[count(. | //*[@type = 'button' and @data-pika-day = '01']) = count(//*[@type = 'button' and @data-pika-day = '01'])]' not found
	at com.kms.katalon.core.webui.common.WebUiCommonHelper.findWebElement(WebUiCommonHelper.java:1053)
	at com.kms.katalon.core.webui.keyword.internal.WebUIAbstractKeyword.findWebElement(WebUIAbstractKeyword.groovy:27)
	at com.kms.katalon.core.webui.keyword.internal.WebUIAbstractKeyword.findWebElement(WebUIAbstractKeyword.groovy:26)
	at com.kms.katalon.core.webui.keyword.builtin.ClickKeyword$_click_closure1.doCall(ClickKeyword.groovy:77)
	at com.kms.katalon.core.webui.keyword.builtin.ClickKeyword$_click_closure1.call(ClickKeyword.groovy)
	at com.kms.katalon.core.webui.keyword.internal.WebUIKeywordMain.runKeyword(WebUIKeywordMain.groovy:20)
	at com.kms.katalon.core.webui.keyword.builtin.ClickKeyword.click(ClickKeyword.groovy:86)
	at com.kms.katalon.core.webui.keyword.builtin.ClickKeyword.execute(ClickKeyword.groovy:67)
	at com.kms.katalon.core.keyword.internal.KeywordExecutor.executeKeywordForPlatform(KeywordExecutor.groovy:56)
	at com.kms.katalon.core.webui.keyword.WebUiBuiltInKeywords.click(WebUiBuiltInKeywords.groovy:616)
	at com.kms.katalon.core.webui.keyword.WebUiBuiltInKeywords$click$0.call(Unknown Source)
	at Script1556127265800.run(Script1556127265800.groovy:85)
	... 13 more
)
[[ATTACHMENT|C:\\Users\\Andres.Jaramillo\\git\\bookit-bookingtests-katalon\\Reports\\TestSuiteForBookit\\20190429_134105\\1556559787457.png]]

2019-04-29 13:43:08 - [MESSAGE][FAILED] - click(to) FAILED.
Reason:
com.kms.katalon.core.exception.StepFailedException: Unable to click on object 'eldia'
	at com.kms.katalon.core.webui.keyword.internal.WebUIKeywordMain.stepFailed(WebUIKeywordMain.groovy:64)
	at com.kms.katalon.core.webui.keyword.internal.WebUIKeywordMain.runKeyword(WebUIKeywordMain.groovy:26)
	at com.kms.katalon.core.webui.keyword.builtin.ClickKeyword.click(ClickKeyword.groovy:86)
	at com.kms.katalon.core.webui.keyword.builtin.ClickKeyword.execute(ClickKeyword.groovy:67)
	at com.kms.katalon.core.keyword.internal.KeywordExecutor.executeKeywordForPlatform(KeywordExecutor.groovy:56)
	at com.kms.katalon.core.webui.keyword.WebUiBuiltInKeywords.click(WebUiBuiltInKeywords.groovy:616)
	at com.kms.katalon.core.webui.keyword.WebUiBuiltInKeywords$click$0.call(Unknown Source)
	at Booking02.run(Booking02:85)
	at com.kms.katalon.core.main.ScriptEngine.run(ScriptEngine.java:194)
	at com.kms.katalon.core.main.ScriptEngine.runScriptAsRawText(ScriptEngine.java:119)
	at com.kms.katalon.core.main.TestCaseExecutor.runScript(TestCaseExecutor.java:331)
	at com.kms.katalon.core.main.TestCaseExecutor.doExecute(TestCaseExecutor.java:322)
	at com.kms.katalon.core.main.TestCaseExecutor.processExecutionPhase(TestCaseExecutor.java:301)
	at com.kms.katalon.core.main.TestCaseExecutor.accessMainPhase(TestCaseExecutor.java:293)
	at com.kms.katalon.core.main.TestCaseExecutor.execute(TestCaseExecutor.java:227)
	at com.kms.katalon.core.main.TestSuiteExecutor.accessTestCaseMainPhase(TestSuiteExecutor.java:129)
	at com.kms.katalon.core.main.TestSuiteExecutor.accessTestSuiteMainPhase(TestSuiteExecutor.java:112)
	at com.kms.katalon.core.main.TestSuiteExecutor.execute(TestSuiteExecutor.java:81)
	at com.kms.katalon.core.main.TestCaseMain.startTestSuite(TestCaseMain.java:157)
	at com.kms.katalon.core.main.TestCaseMain$startTestSuite$0.call(Unknown Source)
	at TempTestSuite1556559665371.run(TempTestSuite1556559665371.groovy:35)
Caused by: com.kms.katalon.core.webui.exception.WebElementNotFoundException: Web element with id: 'eldia' located by 'By.xpath: //div[contains(@class, 'pika-single') and contains(@class, 'is-bound') and not(contains(@class, 'is-hidden'))]/div[@class='pika-lendar'][1]/table[@class='pika-table']/tbody/tr/td/button[count(. | //*[@type = 'button' and @data-pika-day = '01']) = count(//*[@type = 'button' and @data-pika-day = '01'])]' not found
	at com.kms.katalon.core.webui.common.WebUiCommonHelper.findWebElement(WebUiCommonHelper.java:1053)
	at com.kms.katalon.core.webui.keyword.internal.WebUIAbstractKeyword.findWebElement(WebUIAbstractKeyword.groovy:27)
	at com.kms.katalon.core.webui.keyword.internal.WebUIAbstractKeyword.findWebElement(WebUIAbstractKeyword.groovy:26)
	at com.kms.katalon.core.webui.keyword.builtin.ClickKeyword$_click_closure1.doCall(ClickKeyword.groovy:77)
	at com.kms.katalon.core.webui.keyword.builtin.ClickKeyword$_click_closure1.call(ClickKeyword.groovy)
	at com.kms.katalon.core.webui.keyword.internal.WebUIKeywordMain.runKeyword(WebUIKeywordMain.groovy:20)
	at com.kms.katalon.core.webui.keyword.builtin.ClickKeyword.click(ClickKeyword.groovy:86)
	at com.kms.katalon.core.webui.keyword.builtin.ClickKeyword.execute(ClickKeyword.groovy:67)
	at com.kms.katalon.core.keyword.internal.KeywordExecutor.executeKeywordForPlatform(KeywordExecutor.groovy:56)
	at com.kms.katalon.core.webui.keyword.WebUiBuiltInKeywords.click(WebUiBuiltInKeywords.groovy:616)
	at com.kms.katalon.core.webui.keyword.WebUiBuiltInKeywords$click$0.call(Unknown Source)
	at Script1556127265800.run(Script1556127265800.groovy:85)
	... 13 more]]></system-out>
         <system-err><![CDATA[2019-04-29 13:42:20 - [TEST_CASE][FAILED] - Test Cases/Booking02: Test Cases/Booking02 FAILED.
Reason:
com.kms.katalon.core.exception.StepFailedException: Unable to click on object 'eldia'
	at com.kms.katalon.core.webui.keyword.internal.WebUIKeywordMain.stepFailed(WebUIKeywordMain.groovy:64)
	at com.kms.katalon.core.webui.keyword.internal.WebUIKeywordMain.runKeyword(WebUIKeywordMain.groovy:26)
	at com.kms.katalon.core.webui.keyword.builtin.ClickKeyword.click(ClickKeyword.groovy:86)
	at com.kms.katalon.core.webui.keyword.builtin.ClickKeyword.execute(ClickKeyword.groovy:67)
	at com.kms.katalon.core.keyword.internal.KeywordExecutor.executeKeywordForPlatform(KeywordExecutor.groovy:56)
	at com.kms.katalon.core.webui.keyword.WebUiBuiltInKeywords.click(WebUiBuiltInKeywords.groovy:616)
	at com.kms.katalon.core.webui.keyword.WebUiBuiltInKeywords$click$0.call(Unknown Source)
	at Booking02.run(Booking02:85)
	at com.kms.katalon.core.main.ScriptEngine.run(ScriptEngine.java:194)
	at com.kms.katalon.core.main.ScriptEngine.runScriptAsRawText(ScriptEngine.java:119)
	at com.kms.katalon.core.main.TestCaseExecutor.runScript(TestCaseExecutor.java:331)
	at com.kms.katalon.core.main.TestCaseExecutor.doExecute(TestCaseExecutor.java:322)
	at com.kms.katalon.core.main.TestCaseExecutor.processExecutionPhase(TestCaseExecutor.java:301)
	at com.kms.katalon.core.main.TestCaseExecutor.accessMainPhase(TestCaseExecutor.java:293)
	at com.kms.katalon.core.main.TestCaseExecutor.execute(TestCaseExecutor.java:227)
	at com.kms.katalon.core.main.TestSuiteExecutor.accessTestCaseMainPhase(TestSuiteExecutor.java:129)
	at com.kms.katalon.core.main.TestSuiteExecutor.accessTestSuiteMainPhase(TestSuiteExecutor.java:112)
	at com.kms.katalon.core.main.TestSuiteExecutor.execute(TestSuiteExecutor.java:81)
	at com.kms.katalon.core.main.TestCaseMain.startTestSuite(TestCaseMain.java:157)
	at com.kms.katalon.core.main.TestCaseMain$startTestSuite$0.call(Unknown Source)
	at TempTestSuite1556559665371.run(TempTestSuite1556559665371.groovy:35)
Caused by: com.kms.katalon.core.webui.exception.WebElementNotFoundException: Web element with id: 'eldia' located by 'By.xpath: //div[contains(@class, 'pika-single') and contains(@class, 'is-bound') and not(contains(@class, 'is-hidden'))]/div[@class='pika-lendar'][1]/table[@class='pika-table']/tbody/tr/td/button[count(. | //*[@type = 'button' and @data-pika-day = '01']) = count(//*[@type = 'button' and @data-pika-day = '01'])]' not found
	at com.kms.katalon.core.webui.common.WebUiCommonHelper.findWebElement(WebUiCommonHelper.java:1053)
	at com.kms.katalon.core.webui.keyword.internal.WebUIAbstractKeyword.findWebElement(WebUIAbstractKeyword.groovy:27)
	at com.kms.katalon.core.webui.keyword.internal.WebUIAbstractKeyword.findWebElement(WebUIAbstractKeyword.groovy:26)
	at com.kms.katalon.core.webui.keyword.builtin.ClickKeyword$_click_closure1.doCall(ClickKeyword.groovy:77)
	at com.kms.katalon.core.webui.keyword.builtin.ClickKeyword$_click_closure1.call(ClickKeyword.groovy)
	at com.kms.katalon.core.webui.keyword.internal.WebUIKeywordMain.runKeyword(WebUIKeywordMain.groovy:20)
	at com.kms.katalon.core.webui.keyword.builtin.ClickKeyword.click(ClickKeyword.groovy:86)
	at com.kms.katalon.core.webui.keyword.builtin.ClickKeyword.execute(ClickKeyword.groovy:67)
	at com.kms.katalon.core.keyword.internal.KeywordExecutor.executeKeywordForPlatform(KeywordExecutor.groovy:56)
	at com.kms.katalon.core.webui.keyword.WebUiBuiltInKeywords.click(WebUiBuiltInKeywords.groovy:616)
	at com.kms.katalon.core.webui.keyword.WebUiBuiltInKeywords$click$0.call(Unknown Source)
	at Script1556127265800.run(Script1556127265800.groovy:85)
	... 13 more]]></system-err>
      </testcase>
      <testcase name="Test Cases/Booking02" classname="Test Cases/Booking02" status="FAILED">
         <failure type="FAILED" message="Test Cases/Booking02 FAILED.
Reason:
com.kms.katalon.core.exception.StepFailedException: Unable to click on object 'eldia'
	at com.kms.katalon.core.webui.keyword.internal.WebUIKeywordMain.stepFailed(WebUIKeywordMain.groovy:64)
	at com.kms.katalon.core.webui.keyword.internal.WebUIKeywordMain.runKeyword(WebUIKeywordMain.groovy:26)
	at com.kms.katalon.core.webui.keyword.builtin.ClickKeyword.click(ClickKeyword.groovy:86)
	at com.kms.katalon.core.webui.keyword.builtin.ClickKeyword.execute(ClickKeyword.groovy:67)
	at com.kms.katalon.core.keyword.internal.KeywordExecutor.executeKeywordForPlatform(KeywordExecutor.groovy:56)
	at com.kms.katalon.core.webui.keyword.WebUiBuiltInKeywords.click(WebUiBuiltInKeywords.groovy:616)
	at com.kms.katalon.core.webui.keyword.WebUiBuiltInKeywords$click$0.call(Unknown Source)
	at Booking02.run(Booking02:85)
	at com.kms.katalon.core.main.ScriptEngine.run(ScriptEngine.java:194)
	at com.kms.katalon.core.main.ScriptEngine.runScriptAsRawText(ScriptEngine.java:119)
	at com.kms.katalon.core.main.TestCaseExecutor.runScript(TestCaseExecutor.java:331)
	at com.kms.katalon.core.main.TestCaseExecutor.doExecute(TestCaseExecutor.java:322)
	at com.kms.katalon.core.main.TestCaseExecutor.processExecutionPhase(TestCaseExecutor.java:301)
	at com.kms.katalon.core.main.TestCaseExecutor.accessMainPhase(TestCaseExecutor.java:293)
	at com.kms.katalon.core.main.TestCaseExecutor.execute(TestCaseExecutor.java:227)
	at com.kms.katalon.core.main.TestSuiteExecutor.accessTestCaseMainPhase(TestSuiteExecutor.java:129)
	at com.kms.katalon.core.main.TestSuiteExecutor.accessTestSuiteMainPhase(TestSuiteExecutor.java:112)
	at com.kms.katalon.core.main.TestSuiteExecutor.execute(TestSuiteExecutor.java:81)
	at com.kms.katalon.core.main.TestCaseMain.startTestSuite(TestCaseMain.java:157)
	at com.kms.katalon.core.main.TestCaseMain$startTestSuite$0.call(Unknown Source)
	at TempTestSuite1556559665371.run(TempTestSuite1556559665371.groovy:35)
Caused by: com.kms.katalon.core.webui.exception.WebElementNotFoundException: Web element with id: 'eldia' located by 'By.xpath: //div[contains(@class, 'pika-single') and contains(@class, 'is-bound') and not(contains(@class, 'is-hidden'))]/div[@class='pika-lendar'][1]/table[@class='pika-table']/tbody/tr/td/button[count(. | //*[@type = 'button' and @data-pika-day = '01']) = count(//*[@type = 'button' and @data-pika-day = '01'])]' not found
	at com.kms.katalon.core.webui.common.WebUiCommonHelper.findWebElement(WebUiCommonHelper.java:1053)
	at com.kms.katalon.core.webui.keyword.internal.WebUIAbstractKeyword.findWebElement(WebUIAbstractKeyword.groovy:27)
	at com.kms.katalon.core.webui.keyword.internal.WebUIAbstractKeyword.findWebElement(WebUIAbstractKeyword.groovy:26)
	at com.kms.katalon.core.webui.keyword.builtin.ClickKeyword$_click_closure1.doCall(ClickKeyword.groovy:77)
	at com.kms.katalon.core.webui.keyword.builtin.ClickKeyword$_click_closure1.call(ClickKeyword.groovy)
	at com.kms.katalon.core.webui.keyword.internal.WebUIKeywordMain.runKeyword(WebUIKeywordMain.groovy:20)
	at com.kms.katalon.core.webui.keyword.builtin.ClickKeyword.click(ClickKeyword.groovy:86)
	at com.kms.katalon.core.webui.keyword.builtin.ClickKeyword.execute(ClickKeyword.groovy:67)
	at com.kms.katalon.core.keyword.internal.KeywordExecutor.executeKeywordForPlatform(KeywordExecutor.groovy:56)
	at com.kms.katalon.core.webui.keyword.WebUiBuiltInKeywords.click(WebUiBuiltInKeywords.groovy:616)
	at com.kms.katalon.core.webui.keyword.WebUiBuiltInKeywords$click$0.call(Unknown Source)
	at Script1556127265800.run(Script1556127265800.groovy:85)
	... 13 more
"/>
         <system-out><![CDATA[2019-04-29 13:43:08 - [TEST_CASE][FAILED] - Test Cases/Booking02: Test Cases/Booking02 FAILED.
Reason:
com.kms.katalon.core.exception.StepFailedException: Unable to click on object 'eldia'
	at com.kms.katalon.core.webui.keyword.internal.WebUIKeywordMain.stepFailed(WebUIKeywordMain.groovy:64)
	at com.kms.katalon.core.webui.keyword.internal.WebUIKeywordMain.runKeyword(WebUIKeywordMain.groovy:26)
	at com.kms.katalon.core.webui.keyword.builtin.ClickKeyword.click(ClickKeyword.groovy:86)
	at com.kms.katalon.core.webui.keyword.builtin.ClickKeyword.execute(ClickKeyword.groovy:67)
	at com.kms.katalon.core.keyword.internal.KeywordExecutor.executeKeywordForPlatform(KeywordExecutor.groovy:56)
	at com.kms.katalon.core.webui.keyword.WebUiBuiltInKeywords.click(WebUiBuiltInKeywords.groovy:616)
	at com.kms.katalon.core.webui.keyword.WebUiBuiltInKeywords$click$0.call(Unknown Source)
	at Booking02.run(Booking02:85)
	at com.kms.katalon.core.main.ScriptEngine.run(ScriptEngine.java:194)
	at com.kms.katalon.core.main.ScriptEngine.runScriptAsRawText(ScriptEngine.java:119)
	at com.kms.katalon.core.main.TestCaseExecutor.runScript(TestCaseExecutor.java:331)
	at com.kms.katalon.core.main.TestCaseExecutor.doExecute(TestCaseExecutor.java:322)
	at com.kms.katalon.core.main.TestCaseExecutor.processExecutionPhase(TestCaseExecutor.java:301)
	at com.kms.katalon.core.main.TestCaseExecutor.accessMainPhase(TestCaseExecutor.java:293)
	at com.kms.katalon.core.main.TestCaseExecutor.execute(TestCaseExecutor.java:227)
	at com.kms.katalon.core.main.TestSuiteExecutor.accessTestCaseMainPhase(TestSuiteExecutor.java:129)
	at com.kms.katalon.core.main.TestSuiteExecutor.accessTestSuiteMainPhase(TestSuiteExecutor.java:112)
	at com.kms.katalon.core.main.TestSuiteExecutor.execute(TestSuiteExecutor.java:81)
	at com.kms.katalon.core.main.TestCaseMain.startTestSuite(TestCaseMain.java:157)
	at com.kms.katalon.core.main.TestCaseMain$startTestSuite$0.call(Unknown Source)
	at TempTestSuite1556559665371.run(TempTestSuite1556559665371.groovy:35)
Caused by: com.kms.katalon.core.webui.exception.WebElementNotFoundException: Web element with id: 'eldia' located by 'By.xpath: //div[contains(@class, 'pika-single') and contains(@class, 'is-bound') and not(contains(@class, 'is-hidden'))]/div[@class='pika-lendar'][1]/table[@class='pika-table']/tbody/tr/td/button[count(. | //*[@type = 'button' and @data-pika-day = '01']) = count(//*[@type = 'button' and @data-pika-day = '01'])]' not found
	at com.kms.katalon.core.webui.common.WebUiCommonHelper.findWebElement(WebUiCommonHelper.java:1053)
	at com.kms.katalon.core.webui.keyword.internal.WebUIAbstractKeyword.findWebElement(WebUIAbstractKeyword.groovy:27)
	at com.kms.katalon.core.webui.keyword.internal.WebUIAbstractKeyword.findWebElement(WebUIAbstractKeyword.groovy:26)
	at com.kms.katalon.core.webui.keyword.builtin.ClickKeyword$_click_closure1.doCall(ClickKeyword.groovy:77)
	at com.kms.katalon.core.webui.keyword.builtin.ClickKeyword$_click_closure1.call(ClickKeyword.groovy)
	at com.kms.katalon.core.webui.keyword.internal.WebUIKeywordMain.runKeyword(WebUIKeywordMain.groovy:20)
	at com.kms.katalon.core.webui.keyword.builtin.ClickKeyword.click(ClickKeyword.groovy:86)
	at com.kms.katalon.core.webui.keyword.builtin.ClickKeyword.execute(ClickKeyword.groovy:67)
	at com.kms.katalon.core.keyword.internal.KeywordExecutor.executeKeywordForPlatform(KeywordExecutor.groovy:56)
	at com.kms.katalon.core.webui.keyword.WebUiBuiltInKeywords.click(WebUiBuiltInKeywords.groovy:616)
	at com.kms.katalon.core.webui.keyword.WebUiBuiltInKeywords$click$0.call(Unknown Source)
	at Script1556127265800.run(Script1556127265800.groovy:85)
	... 13 more


2019-04-29 13:43:08 - [TEST_STEP][PASSED] - openBrowser("https://bookit-qa6.com"): Browser is opened with url: 'https://bookit-qa6.com'

2019-04-29 13:43:08 - [MESSAGE][WARNING] - A browser is already opened. Closing browser and opening a new one

2019-04-29 13:43:08 - [MESSAGE][INFO] - Starting 'Chrome' driver

2019-04-29 13:43:13 - [MESSAGE][PASSED] - Browser is opened with url: 'https://bookit-qa6.com'

2019-04-29 13:43:13 - [TEST_STEP][PASSED] - click(findTestObject("homepage/flight_checkbox")): Object: 'Object Repository/homepage/flight_checkbox' is clicked on

2019-04-29 13:43:15 - [MESSAGE][PASSED] - Object: 'Object Repository/homepage/flight_checkbox' is clicked on

2019-04-29 13:43:15 - [TEST_STEP][PASSED] - setText(findTestObject("homepage/city_or_airport"), "cheese"): Text 'cheese' is set on object 'Object Repository/homepage/city_or_airport'

2019-04-29 13:43:15 - [MESSAGE][PASSED] - Text 'cheese' is set on object 'Object Repository/homepage/city_or_airport'

2019-04-29 13:43:15 - [TEST_STEP][PASSED] - delay(1): Delayed 1 second(s)

2019-04-29 13:43:16 - [MESSAGE][PASSED] - Delayed 1 second(s)

2019-04-29 13:43:16 - [TEST_STEP][PASSED] - click(findTestObject("homepage/div_Cheese City IL US")): Object: 'Object Repository/homepage/div_Cheese City IL US' is clicked on

2019-04-29 13:43:16 - [MESSAGE][PASSED] - Object: 'Object Repository/homepage/div_Cheese City IL US' is clicked on

2019-04-29 13:43:16 - [TEST_STEP][PASSED] - checkinId = getAttribute(findTestObject("homepage/checkin_date"), "id"): Attribute 'id' of object 'Object Repository/homepage/checkin_date' is: 'ember532-fd'

2019-04-29 13:43:16 - [MESSAGE][PASSED] - Attribute 'id' of object 'Object Repository/homepage/checkin_date' is: 'ember532-fd'

2019-04-29 13:43:16 - [TEST_STEP][PASSED] - checkoutId = getAttribute(findTestObject("homepage/checkout_date"), "id"): Attribute 'id' of object 'Object Repository/homepage/checkout_date' is: 'ember532-td'

2019-04-29 13:43:16 - [MESSAGE][PASSED] - Attribute 'id' of object 'Object Repository/homepage/checkout_date' is: 'ember532-td'

2019-04-29 13:43:16 - [TEST_STEP][PASSED] - iniDate = moIni + "/" + dayIni + "/" + yrIni: null

2019-04-29 13:43:16 - [TEST_STEP][PASSED] - myIniDate = "$('#" + checkinId + "').val('" + iniDate + "')": null

2019-04-29 13:43:16 - [TEST_STEP][PASSED] - endDate = moEnd + "/" + dayEnd + "/" + yrEnd: null

2019-04-29 13:43:16 - [TEST_STEP][PASSED] - myEndDate = "$('#" + checkoutId + "').val('" + endDate + "')": null

2019-04-29 13:43:16 - [TEST_STEP][PASSED] - strMoIni = bookitKeywords.commonFunctions.getMonthName(moIni): bookitKeywords.commonFunctions.getMonthName is PASSED

2019-04-29 13:43:16 - [MESSAGE][PASSED] - bookitKeywords.commonFunctions.getMonthName is PASSED

2019-04-29 13:43:16 - [TEST_STEP][PASSED] - strMoEnd = bookitKeywords.commonFunctions.getMonthName(moEnd): bookitKeywords.commonFunctions.getMonthName is PASSED

2019-04-29 13:43:16 - [MESSAGE][PASSED] - bookitKeywords.commonFunctions.getMonthName is PASSED

2019-04-29 13:43:16 - [TEST_STEP][PASSED] - click(findTestObject("homepage/checkin_date")): Object: 'Object Repository/homepage/checkin_date' is clicked on

2019-04-29 13:43:16 - [MESSAGE][PASSED] - Object: 'Object Repository/homepage/checkin_date' is clicked on

2019-04-29 13:43:16 - [TEST_STEP][PASSED] - delay(1): Delayed 1 second(s)

2019-04-29 13:43:17 - [MESSAGE][PASSED] - Delayed 1 second(s)

2019-04-29 13:43:17 - [TEST_STEP][PASSED] - if (verifyElementPresent(findTestObject("homepage/sel_date_month1"), 1, CONTINUE_ON_FAILURE)): null

2019-04-29 13:43:18 - [MESSAGE][PASSED] - Object 'Object Repository/homepage/sel_date_month1' is present

2019-04-29 13:43:18 - [TEST_STEP][PASSED] - if (waitForElementClickable(findTestObject("homepage/sel_date_month1"), 1, CONTINUE_ON_FAILURE)): null

2019-04-29 13:43:18 - [MESSAGE][PASSED] - Object 'Object Repository/homepage/sel_date_month1' is clickable

2019-04-29 13:43:18 - [TEST_STEP][PASSED] - click(findTestObject("homepage/sel_date_month1"), CONTINUE_ON_FAILURE): Object: 'Object Repository/homepage/sel_date_month1' is clicked on

2019-04-29 13:43:18 - [MESSAGE][PASSED] - Object: 'Object Repository/homepage/sel_date_month1' is clicked on

2019-04-29 13:43:18 - [TEST_STEP][PASSED] - if (verifyOptionPresentByLabel(findTestObject("homepage/sel_date_month1"), strMoIni, false, 1, CONTINUE_ON_FAILURE)): Delayed 1 second(s)

2019-04-29 13:43:18 - [MESSAGE][PASSED] - 1 option(s) with label 'August' is/are present in object 'Object Repository/homepage/sel_date_month1' 

2019-04-29 13:43:18 - [TEST_STEP][PASSED] - selectOptionByIndex(findTestObject("homepage/sel_date_month1"), 4, CONTINUE_ON_FAILURE): All options with index in [4] are selected on object 'Object Repository/homepage/sel_date_month1'

2019-04-29 13:43:18 - [MESSAGE][PASSED] - All options with index in [4] are selected on object 'Object Repository/homepage/sel_date_month1'

2019-04-29 13:43:18 - [TEST_STEP][PASSED] - delay(1): Delayed 1 second(s)

2019-04-29 13:43:19 - [MESSAGE][PASSED] - Delayed 1 second(s)

2019-04-29 13:43:19 - [TEST_STEP][PASSED] - if (verifyElementPresent(findTestObject("homepage/sel_date_year1"), 1, CONTINUE_ON_FAILURE)): null

2019-04-29 13:43:19 - [MESSAGE][PASSED] - Object 'Object Repository/homepage/sel_date_year1' is present

2019-04-29 13:43:19 - [TEST_STEP][PASSED] - if (waitForElementClickable(findTestObject("homepage/sel_date_year1"), 1, CONTINUE_ON_FAILURE)): null

2019-04-29 13:43:19 - [MESSAGE][PASSED] - Object 'Object Repository/homepage/sel_date_year1' is clickable

2019-04-29 13:43:19 - [TEST_STEP][PASSED] - click(findTestObject("homepage/sel_date_year1"), CONTINUE_ON_FAILURE): Object: 'Object Repository/homepage/sel_date_year1' is clicked on

2019-04-29 13:43:19 - [MESSAGE][PASSED] - Object: 'Object Repository/homepage/sel_date_year1' is clicked on

2019-04-29 13:43:19 - [TEST_STEP][PASSED] - if (verifyOptionPresentByLabel(findTestObject("homepage/sel_date_year1"), yrIni, false, 1, CONTINUE_ON_FAILURE)): Delayed 1 second(s)

2019-04-29 13:43:19 - [MESSAGE][PASSED] - 1 option(s) with label '2019' is/are present in object 'Object Repository/homepage/sel_date_year1' 

2019-04-29 13:43:19 - [TEST_STEP][PASSED] - selectOptionByLabel(findTestObject("homepage/sel_date_year1"), yrIni, false, CONTINUE_ON_FAILURE): All options with label '2019' are selected in object 'Object Repository/homepage/sel_date_year1' 

2019-04-29 13:43:19 - [MESSAGE][PASSED] - All options with label '2019' are selected in object 'Object Repository/homepage/sel_date_year1' 

2019-04-29 13:43:19 - [TEST_STEP][PASSED] - delay(1): Delayed 1 second(s)

2019-04-29 13:43:20 - [MESSAGE][PASSED] - Delayed 1 second(s)

2019-04-29 13:43:20 - [TEST_STEP][PASSED] - dynxpath = "//div[contains(@class, 'pika-single') and contains(@class, 'is-bound') and not(contains(@class, 'is-hidden'))]/div[@class='pika-lendar'][1]/table[@class='pika-table']/tbody/tr/td/button[count(. | //*[@type = 'button' and @data-pika-day = '" + dayIni + "']) = count(//*[@type = 'button' and @data-pika-day = '" + dayIni + "'])]": null

2019-04-29 13:43:21 - [TEST_STEP][PASSED] - to = new com.kms.katalon.core.testobject.TestObject(eldia): null

2019-04-29 13:43:21 - [TEST_STEP][PASSED] - to.addProperty("xpath", EQUALS, dynxpath): null

2019-04-29 13:43:21 - [TEST_STEP][FAILED] - click(to): click(to) FAILED.
Reason:
com.kms.katalon.core.exception.StepFailedException: Unable to click on object 'eldia'
	at com.kms.katalon.core.webui.keyword.internal.WebUIKeywordMain.stepFailed(WebUIKeywordMain.groovy:64)
	at com.kms.katalon.core.webui.keyword.internal.WebUIKeywordMain.runKeyword(WebUIKeywordMain.groovy:26)
	at com.kms.katalon.core.webui.keyword.builtin.ClickKeyword.click(ClickKeyword.groovy:86)
	at com.kms.katalon.core.webui.keyword.builtin.ClickKeyword.execute(ClickKeyword.groovy:67)
	at com.kms.katalon.core.keyword.internal.KeywordExecutor.executeKeywordForPlatform(KeywordExecutor.groovy:56)
	at com.kms.katalon.core.webui.keyword.WebUiBuiltInKeywords.click(WebUiBuiltInKeywords.groovy:616)
	at com.kms.katalon.core.webui.keyword.WebUiBuiltInKeywords$click$0.call(Unknown Source)
	at Booking02.run(Booking02:85)
	at com.kms.katalon.core.main.ScriptEngine.run(ScriptEngine.java:194)
	at com.kms.katalon.core.main.ScriptEngine.runScriptAsRawText(ScriptEngine.java:119)
	at com.kms.katalon.core.main.TestCaseExecutor.runScript(TestCaseExecutor.java:331)
	at com.kms.katalon.core.main.TestCaseExecutor.doExecute(TestCaseExecutor.java:322)
	at com.kms.katalon.core.main.TestCaseExecutor.processExecutionPhase(TestCaseExecutor.java:301)
	at com.kms.katalon.core.main.TestCaseExecutor.accessMainPhase(TestCaseExecutor.java:293)
	at com.kms.katalon.core.main.TestCaseExecutor.execute(TestCaseExecutor.java:227)
	at com.kms.katalon.core.main.TestSuiteExecutor.accessTestCaseMainPhase(TestSuiteExecutor.java:129)
	at com.kms.katalon.core.main.TestSuiteExecutor.accessTestSuiteMainPhase(TestSuiteExecutor.java:112)
	at com.kms.katalon.core.main.TestSuiteExecutor.execute(TestSuiteExecutor.java:81)
	at com.kms.katalon.core.main.TestCaseMain.startTestSuite(TestCaseMain.java:157)
	at com.kms.katalon.core.main.TestCaseMain$startTestSuite$0.call(Unknown Source)
	at TempTestSuite1556559665371.run(TempTestSuite1556559665371.groovy:35)
Caused by: com.kms.katalon.core.webui.exception.WebElementNotFoundException: Web element with id: 'eldia' located by 'By.xpath: //div[contains(@class, 'pika-single') and contains(@class, 'is-bound') and not(contains(@class, 'is-hidden'))]/div[@class='pika-lendar'][1]/table[@class='pika-table']/tbody/tr/td/button[count(. | //*[@type = 'button' and @data-pika-day = '01']) = count(//*[@type = 'button' and @data-pika-day = '01'])]' not found
	at com.kms.katalon.core.webui.common.WebUiCommonHelper.findWebElement(WebUiCommonHelper.java:1053)
	at com.kms.katalon.core.webui.keyword.internal.WebUIAbstractKeyword.findWebElement(WebUIAbstractKeyword.groovy:27)
	at com.kms.katalon.core.webui.keyword.internal.WebUIAbstractKeyword.findWebElement(WebUIAbstractKeyword.groovy:26)
	at com.kms.katalon.core.webui.keyword.builtin.ClickKeyword$_click_closure1.doCall(ClickKeyword.groovy:77)
	at com.kms.katalon.core.webui.keyword.builtin.ClickKeyword$_click_closure1.call(ClickKeyword.groovy)
	at com.kms.katalon.core.webui.keyword.internal.WebUIKeywordMain.runKeyword(WebUIKeywordMain.groovy:20)
	at com.kms.katalon.core.webui.keyword.builtin.ClickKeyword.click(ClickKeyword.groovy:86)
	at com.kms.katalon.core.webui.keyword.builtin.ClickKeyword.execute(ClickKeyword.groovy:67)
	at com.kms.katalon.core.keyword.internal.KeywordExecutor.executeKeywordForPlatform(KeywordExecutor.groovy:56)
	at com.kms.katalon.core.webui.keyword.WebUiBuiltInKeywords.click(WebUiBuiltInKeywords.groovy:616)
	at com.kms.katalon.core.webui.keyword.WebUiBuiltInKeywords$click$0.call(Unknown Source)
	at Script1556127265800.run(Script1556127265800.groovy:85)
	... 13 more


2019-04-29 13:43:56 - [MESSAGE][INFO] - Unable to find the element located by 'By.xpath: //div[contains(@class, 'pika-single') and contains(@class, 'is-bound') and not(contains(@class, 'is-hidden'))]/div[@class='pika-lendar'][1]/table[@class='pika-table']/tbody/tr/td/button[count(. | //*[@type = 'button' and @data-pika-day = '01']) = count(//*[@type = 'button' and @data-pika-day = '01'])]'. Please recheck the objects properties to make sure the desired element is located. 

2019-04-29 13:43:57 - [MESSAGE][FAILED] - Unable to click on object 'eldia' (Root cause: com.kms.katalon.core.exception.StepFailedException: Unable to click on object 'eldia'
	at com.kms.katalon.core.webui.keyword.internal.WebUIKeywordMain.stepFailed(WebUIKeywordMain.groovy:64)
	at com.kms.katalon.core.webui.keyword.internal.WebUIKeywordMain.runKeyword(WebUIKeywordMain.groovy:26)
	at com.kms.katalon.core.webui.keyword.builtin.ClickKeyword.click(ClickKeyword.groovy:86)
	at com.kms.katalon.core.webui.keyword.builtin.ClickKeyword.execute(ClickKeyword.groovy:67)
	at com.kms.katalon.core.keyword.internal.KeywordExecutor.executeKeywordForPlatform(KeywordExecutor.groovy:56)
	at com.kms.katalon.core.webui.keyword.WebUiBuiltInKeywords.click(WebUiBuiltInKeywords.groovy:616)
	at com.kms.katalon.core.webui.keyword.WebUiBuiltInKeywords$click$0.call(Unknown Source)
	at Booking02.run(Booking02:85)
	at com.kms.katalon.core.main.ScriptEngine.run(ScriptEngine.java:194)
	at com.kms.katalon.core.main.ScriptEngine.runScriptAsRawText(ScriptEngine.java:119)
	at com.kms.katalon.core.main.TestCaseExecutor.runScript(TestCaseExecutor.java:331)
	at com.kms.katalon.core.main.TestCaseExecutor.doExecute(TestCaseExecutor.java:322)
	at com.kms.katalon.core.main.TestCaseExecutor.processExecutionPhase(TestCaseExecutor.java:301)
	at com.kms.katalon.core.main.TestCaseExecutor.accessMainPhase(TestCaseExecutor.java:293)
	at com.kms.katalon.core.main.TestCaseExecutor.execute(TestCaseExecutor.java:227)
	at com.kms.katalon.core.main.TestSuiteExecutor.accessTestCaseMainPhase(TestSuiteExecutor.java:129)
	at com.kms.katalon.core.main.TestSuiteExecutor.accessTestSuiteMainPhase(TestSuiteExecutor.java:112)
	at com.kms.katalon.core.main.TestSuiteExecutor.execute(TestSuiteExecutor.java:81)
	at com.kms.katalon.core.main.TestCaseMain.startTestSuite(TestCaseMain.java:157)
	at com.kms.katalon.core.main.TestCaseMain$startTestSuite$0.call(Unknown Source)
	at TempTestSuite1556559665371.run(TempTestSuite1556559665371.groovy:35)
Caused by: com.kms.katalon.core.webui.exception.WebElementNotFoundException: Web element with id: 'eldia' located by 'By.xpath: //div[contains(@class, 'pika-single') and contains(@class, 'is-bound') and not(contains(@class, 'is-hidden'))]/div[@class='pika-lendar'][1]/table[@class='pika-table']/tbody/tr/td/button[count(. | //*[@type = 'button' and @data-pika-day = '01']) = count(//*[@type = 'button' and @data-pika-day = '01'])]' not found
	at com.kms.katalon.core.webui.common.WebUiCommonHelper.findWebElement(WebUiCommonHelper.java:1053)
	at com.kms.katalon.core.webui.keyword.internal.WebUIAbstractKeyword.findWebElement(WebUIAbstractKeyword.groovy:27)
	at com.kms.katalon.core.webui.keyword.internal.WebUIAbstractKeyword.findWebElement(WebUIAbstractKeyword.groovy:26)
	at com.kms.katalon.core.webui.keyword.builtin.ClickKeyword$_click_closure1.doCall(ClickKeyword.groovy:77)
	at com.kms.katalon.core.webui.keyword.builtin.ClickKeyword$_click_closure1.call(ClickKeyword.groovy)
	at com.kms.katalon.core.webui.keyword.internal.WebUIKeywordMain.runKeyword(WebUIKeywordMain.groovy:20)
	at com.kms.katalon.core.webui.keyword.builtin.ClickKeyword.click(ClickKeyword.groovy:86)
	at com.kms.katalon.core.webui.keyword.builtin.ClickKeyword.execute(ClickKeyword.groovy:67)
	at com.kms.katalon.core.keyword.internal.KeywordExecutor.executeKeywordForPlatform(KeywordExecutor.groovy:56)
	at com.kms.katalon.core.webui.keyword.WebUiBuiltInKeywords.click(WebUiBuiltInKeywords.groovy:616)
	at com.kms.katalon.core.webui.keyword.WebUiBuiltInKeywords$click$0.call(Unknown Source)
	at Script1556127265800.run(Script1556127265800.groovy:85)
	... 13 more
)
[[ATTACHMENT|C:\\Users\\Andres.Jaramillo\\git\\bookit-bookingtests-katalon\\Reports\\TestSuiteForBookit\\20190429_134105\\1556559836876.png]]

2019-04-29 13:43:57 - [MESSAGE][FAILED] - click(to) FAILED.
Reason:
com.kms.katalon.core.exception.StepFailedException: Unable to click on object 'eldia'
	at com.kms.katalon.core.webui.keyword.internal.WebUIKeywordMain.stepFailed(WebUIKeywordMain.groovy:64)
	at com.kms.katalon.core.webui.keyword.internal.WebUIKeywordMain.runKeyword(WebUIKeywordMain.groovy:26)
	at com.kms.katalon.core.webui.keyword.builtin.ClickKeyword.click(ClickKeyword.groovy:86)
	at com.kms.katalon.core.webui.keyword.builtin.ClickKeyword.execute(ClickKeyword.groovy:67)
	at com.kms.katalon.core.keyword.internal.KeywordExecutor.executeKeywordForPlatform(KeywordExecutor.groovy:56)
	at com.kms.katalon.core.webui.keyword.WebUiBuiltInKeywords.click(WebUiBuiltInKeywords.groovy:616)
	at com.kms.katalon.core.webui.keyword.WebUiBuiltInKeywords$click$0.call(Unknown Source)
	at Booking02.run(Booking02:85)
	at com.kms.katalon.core.main.ScriptEngine.run(ScriptEngine.java:194)
	at com.kms.katalon.core.main.ScriptEngine.runScriptAsRawText(ScriptEngine.java:119)
	at com.kms.katalon.core.main.TestCaseExecutor.runScript(TestCaseExecutor.java:331)
	at com.kms.katalon.core.main.TestCaseExecutor.doExecute(TestCaseExecutor.java:322)
	at com.kms.katalon.core.main.TestCaseExecutor.processExecutionPhase(TestCaseExecutor.java:301)
	at com.kms.katalon.core.main.TestCaseExecutor.accessMainPhase(TestCaseExecutor.java:293)
	at com.kms.katalon.core.main.TestCaseExecutor.execute(TestCaseExecutor.java:227)
	at com.kms.katalon.core.main.TestSuiteExecutor.accessTestCaseMainPhase(TestSuiteExecutor.java:129)
	at com.kms.katalon.core.main.TestSuiteExecutor.accessTestSuiteMainPhase(TestSuiteExecutor.java:112)
	at com.kms.katalon.core.main.TestSuiteExecutor.execute(TestSuiteExecutor.java:81)
	at com.kms.katalon.core.main.TestCaseMain.startTestSuite(TestCaseMain.java:157)
	at com.kms.katalon.core.main.TestCaseMain$startTestSuite$0.call(Unknown Source)
	at TempTestSuite1556559665371.run(TempTestSuite1556559665371.groovy:35)
Caused by: com.kms.katalon.core.webui.exception.WebElementNotFoundException: Web element with id: 'eldia' located by 'By.xpath: //div[contains(@class, 'pika-single') and contains(@class, 'is-bound') and not(contains(@class, 'is-hidden'))]/div[@class='pika-lendar'][1]/table[@class='pika-table']/tbody/tr/td/button[count(. | //*[@type = 'button' and @data-pika-day = '01']) = count(//*[@type = 'button' and @data-pika-day = '01'])]' not found
	at com.kms.katalon.core.webui.common.WebUiCommonHelper.findWebElement(WebUiCommonHelper.java:1053)
	at com.kms.katalon.core.webui.keyword.internal.WebUIAbstractKeyword.findWebElement(WebUIAbstractKeyword.groovy:27)
	at com.kms.katalon.core.webui.keyword.internal.WebUIAbstractKeyword.findWebElement(WebUIAbstractKeyword.groovy:26)
	at com.kms.katalon.core.webui.keyword.builtin.ClickKeyword$_click_closure1.doCall(ClickKeyword.groovy:77)
	at com.kms.katalon.core.webui.keyword.builtin.ClickKeyword$_click_closure1.call(ClickKeyword.groovy)
	at com.kms.katalon.core.webui.keyword.internal.WebUIKeywordMain.runKeyword(WebUIKeywordMain.groovy:20)
	at com.kms.katalon.core.webui.keyword.builtin.ClickKeyword.click(ClickKeyword.groovy:86)
	at com.kms.katalon.core.webui.keyword.builtin.ClickKeyword.execute(ClickKeyword.groovy:67)
	at com.kms.katalon.core.keyword.internal.KeywordExecutor.executeKeywordForPlatform(KeywordExecutor.groovy:56)
	at com.kms.katalon.core.webui.keyword.WebUiBuiltInKeywords.click(WebUiBuiltInKeywords.groovy:616)
	at com.kms.katalon.core.webui.keyword.WebUiBuiltInKeywords$click$0.call(Unknown Source)
	at Script1556127265800.run(Script1556127265800.groovy:85)
	... 13 more]]></system-out>
         <system-err><![CDATA[2019-04-29 13:43:08 - [TEST_CASE][FAILED] - Test Cases/Booking02: Test Cases/Booking02 FAILED.
Reason:
com.kms.katalon.core.exception.StepFailedException: Unable to click on object 'eldia'
	at com.kms.katalon.core.webui.keyword.internal.WebUIKeywordMain.stepFailed(WebUIKeywordMain.groovy:64)
	at com.kms.katalon.core.webui.keyword.internal.WebUIKeywordMain.runKeyword(WebUIKeywordMain.groovy:26)
	at com.kms.katalon.core.webui.keyword.builtin.ClickKeyword.click(ClickKeyword.groovy:86)
	at com.kms.katalon.core.webui.keyword.builtin.ClickKeyword.execute(ClickKeyword.groovy:67)
	at com.kms.katalon.core.keyword.internal.KeywordExecutor.executeKeywordForPlatform(KeywordExecutor.groovy:56)
	at com.kms.katalon.core.webui.keyword.WebUiBuiltInKeywords.click(WebUiBuiltInKeywords.groovy:616)
	at com.kms.katalon.core.webui.keyword.WebUiBuiltInKeywords$click$0.call(Unknown Source)
	at Booking02.run(Booking02:85)
	at com.kms.katalon.core.main.ScriptEngine.run(ScriptEngine.java:194)
	at com.kms.katalon.core.main.ScriptEngine.runScriptAsRawText(ScriptEngine.java:119)
	at com.kms.katalon.core.main.TestCaseExecutor.runScript(TestCaseExecutor.java:331)
	at com.kms.katalon.core.main.TestCaseExecutor.doExecute(TestCaseExecutor.java:322)
	at com.kms.katalon.core.main.TestCaseExecutor.processExecutionPhase(TestCaseExecutor.java:301)
	at com.kms.katalon.core.main.TestCaseExecutor.accessMainPhase(TestCaseExecutor.java:293)
	at com.kms.katalon.core.main.TestCaseExecutor.execute(TestCaseExecutor.java:227)
	at com.kms.katalon.core.main.TestSuiteExecutor.accessTestCaseMainPhase(TestSuiteExecutor.java:129)
	at com.kms.katalon.core.main.TestSuiteExecutor.accessTestSuiteMainPhase(TestSuiteExecutor.java:112)
	at com.kms.katalon.core.main.TestSuiteExecutor.execute(TestSuiteExecutor.java:81)
	at com.kms.katalon.core.main.TestCaseMain.startTestSuite(TestCaseMain.java:157)
	at com.kms.katalon.core.main.TestCaseMain$startTestSuite$0.call(Unknown Source)
	at TempTestSuite1556559665371.run(TempTestSuite1556559665371.groovy:35)
Caused by: com.kms.katalon.core.webui.exception.WebElementNotFoundException: Web element with id: 'eldia' located by 'By.xpath: //div[contains(@class, 'pika-single') and contains(@class, 'is-bound') and not(contains(@class, 'is-hidden'))]/div[@class='pika-lendar'][1]/table[@class='pika-table']/tbody/tr/td/button[count(. | //*[@type = 'button' and @data-pika-day = '01']) = count(//*[@type = 'button' and @data-pika-day = '01'])]' not found
	at com.kms.katalon.core.webui.common.WebUiCommonHelper.findWebElement(WebUiCommonHelper.java:1053)
	at com.kms.katalon.core.webui.keyword.internal.WebUIAbstractKeyword.findWebElement(WebUIAbstractKeyword.groovy:27)
	at com.kms.katalon.core.webui.keyword.internal.WebUIAbstractKeyword.findWebElement(WebUIAbstractKeyword.groovy:26)
	at com.kms.katalon.core.webui.keyword.builtin.ClickKeyword$_click_closure1.doCall(ClickKeyword.groovy:77)
	at com.kms.katalon.core.webui.keyword.builtin.ClickKeyword$_click_closure1.call(ClickKeyword.groovy)
	at com.kms.katalon.core.webui.keyword.internal.WebUIKeywordMain.runKeyword(WebUIKeywordMain.groovy:20)
	at com.kms.katalon.core.webui.keyword.builtin.ClickKeyword.click(ClickKeyword.groovy:86)
	at com.kms.katalon.core.webui.keyword.builtin.ClickKeyword.execute(ClickKeyword.groovy:67)
	at com.kms.katalon.core.keyword.internal.KeywordExecutor.executeKeywordForPlatform(KeywordExecutor.groovy:56)
	at com.kms.katalon.core.webui.keyword.WebUiBuiltInKeywords.click(WebUiBuiltInKeywords.groovy:616)
	at com.kms.katalon.core.webui.keyword.WebUiBuiltInKeywords$click$0.call(Unknown Source)
	at Script1556127265800.run(Script1556127265800.groovy:85)
	... 13 more]]></system-err>
      </testcase>
      <system-out><![CDATA[2019-04-29 13:41:07 - [TEST_SUITE][FAILED] - TestSuiteForBookit: Test Cases/Booking02 FAILED.
Reason:
com.kms.katalon.core.exception.StepFailedException: Unable to click on object 'eldia'
	at com.kms.katalon.core.webui.keyword.internal.WebUIKeywordMain.stepFailed(WebUIKeywordMain.groovy:64)
	at com.kms.katalon.core.webui.keyword.internal.WebUIKeywordMain.runKeyword(WebUIKeywordMain.groovy:26)
	at com.kms.katalon.core.webui.keyword.builtin.ClickKeyword.click(ClickKeyword.groovy:86)
	at com.kms.katalon.core.webui.keyword.builtin.ClickKeyword.execute(ClickKeyword.groovy:67)
	at com.kms.katalon.core.keyword.internal.KeywordExecutor.executeKeywordForPlatform(KeywordExecutor.groovy:56)
	at com.kms.katalon.core.webui.keyword.WebUiBuiltInKeywords.click(WebUiBuiltInKeywords.groovy:616)
	at com.kms.katalon.core.webui.keyword.WebUiBuiltInKeywords$click$0.call(Unknown Source)
	at Booking02.run(Booking02:85)
	at com.kms.katalon.core.main.ScriptEngine.run(ScriptEngine.java:194)
	at com.kms.katalon.core.main.ScriptEngine.runScriptAsRawText(ScriptEngine.java:119)
	at com.kms.katalon.core.main.TestCaseExecutor.runScript(TestCaseExecutor.java:331)
	at com.kms.katalon.core.main.TestCaseExecutor.doExecute(TestCaseExecutor.java:322)
	at com.kms.katalon.core.main.TestCaseExecutor.processExecutionPhase(TestCaseExecutor.java:301)
	at com.kms.katalon.core.main.TestCaseExecutor.accessMainPhase(TestCaseExecutor.java:293)
	at com.kms.katalon.core.main.TestCaseExecutor.execute(TestCaseExecutor.java:227)
	at com.kms.katalon.core.main.TestSuiteExecutor.accessTestCaseMainPhase(TestSuiteExecutor.java:129)
	at com.kms.katalon.core.main.TestSuiteExecutor.accessTestSuiteMainPhase(TestSuiteExecutor.java:112)
	at com.kms.katalon.core.main.TestSuiteExecutor.execute(TestSuiteExecutor.java:81)
	at com.kms.katalon.core.main.TestCaseMain.startTestSuite(TestCaseMain.java:157)
	at com.kms.katalon.core.main.TestCaseMain$startTestSuite$0.call(Unknown Source)
	at TempTestSuite1556559665371.run(TempTestSuite1556559665371.groovy:35)
Caused by: com.kms.katalon.core.webui.exception.WebElementNotFoundException: Web element with id: 'eldia' located by 'By.xpath: //div[contains(@class, 'pika-single') and contains(@class, 'is-bound') and not(contains(@class, 'is-hidden'))]/div[@class='pika-lendar'][1]/table[@class='pika-table']/tbody/tr/td/button[count(. | //*[@type = 'button' and @data-pika-day = '01']) = count(//*[@type = 'button' and @data-pika-day = '01'])]' not found
	at com.kms.katalon.core.webui.common.WebUiCommonHelper.findWebElement(WebUiCommonHelper.java:1053)
	at com.kms.katalon.core.webui.keyword.internal.WebUIAbstractKeyword.findWebElement(WebUIAbstractKeyword.groovy:27)
	at com.kms.katalon.core.webui.keyword.internal.WebUIAbstractKeyword.findWebElement(WebUIAbstractKeyword.groovy:26)
	at com.kms.katalon.core.webui.keyword.builtin.ClickKeyword$_click_closure1.doCall(ClickKeyword.groovy:77)
	at com.kms.katalon.core.webui.keyword.builtin.ClickKeyword$_click_closure1.call(ClickKeyword.groovy)
	at com.kms.katalon.core.webui.keyword.internal.WebUIKeywordMain.runKeyword(WebUIKeywordMain.groovy:20)
	at com.kms.katalon.core.webui.keyword.builtin.ClickKeyword.click(ClickKeyword.groovy:86)
	at com.kms.katalon.core.webui.keyword.builtin.ClickKeyword.execute(ClickKeyword.groovy:67)
	at com.kms.katalon.core.keyword.internal.KeywordExecutor.executeKeywordForPlatform(KeywordExecutor.groovy:56)
	at com.kms.katalon.core.webui.keyword.WebUiBuiltInKeywords.click(WebUiBuiltInKeywords.groovy:616)
	at com.kms.katalon.core.webui.keyword.WebUiBuiltInKeywords$click$0.call(Unknown Source)
	at Script1556127265800.run(Script1556127265800.groovy:85)
	... 13 more]]></system-out>
      <system-err><![CDATA[2019-04-29 13:41:07 - [TEST_SUITE][FAILED] - TestSuiteForBookit: Test Cases/Booking02 FAILED.
Reason:
com.kms.katalon.core.exception.StepFailedException: Unable to click on object 'eldia'
	at com.kms.katalon.core.webui.keyword.internal.WebUIKeywordMain.stepFailed(WebUIKeywordMain.groovy:64)
	at com.kms.katalon.core.webui.keyword.internal.WebUIKeywordMain.runKeyword(WebUIKeywordMain.groovy:26)
	at com.kms.katalon.core.webui.keyword.builtin.ClickKeyword.click(ClickKeyword.groovy:86)
	at com.kms.katalon.core.webui.keyword.builtin.ClickKeyword.execute(ClickKeyword.groovy:67)
	at com.kms.katalon.core.keyword.internal.KeywordExecutor.executeKeywordForPlatform(KeywordExecutor.groovy:56)
	at com.kms.katalon.core.webui.keyword.WebUiBuiltInKeywords.click(WebUiBuiltInKeywords.groovy:616)
	at com.kms.katalon.core.webui.keyword.WebUiBuiltInKeywords$click$0.call(Unknown Source)
	at Booking02.run(Booking02:85)
	at com.kms.katalon.core.main.ScriptEngine.run(ScriptEngine.java:194)
	at com.kms.katalon.core.main.ScriptEngine.runScriptAsRawText(ScriptEngine.java:119)
	at com.kms.katalon.core.main.TestCaseExecutor.runScript(TestCaseExecutor.java:331)
	at com.kms.katalon.core.main.TestCaseExecutor.doExecute(TestCaseExecutor.java:322)
	at com.kms.katalon.core.main.TestCaseExecutor.processExecutionPhase(TestCaseExecutor.java:301)
	at com.kms.katalon.core.main.TestCaseExecutor.accessMainPhase(TestCaseExecutor.java:293)
	at com.kms.katalon.core.main.TestCaseExecutor.execute(TestCaseExecutor.java:227)
	at com.kms.katalon.core.main.TestSuiteExecutor.accessTestCaseMainPhase(TestSuiteExecutor.java:129)
	at com.kms.katalon.core.main.TestSuiteExecutor.accessTestSuiteMainPhase(TestSuiteExecutor.java:112)
	at com.kms.katalon.core.main.TestSuiteExecutor.execute(TestSuiteExecutor.java:81)
	at com.kms.katalon.core.main.TestCaseMain.startTestSuite(TestCaseMain.java:157)
	at com.kms.katalon.core.main.TestCaseMain$startTestSuite$0.call(Unknown Source)
	at TempTestSuite1556559665371.run(TempTestSuite1556559665371.groovy:35)
Caused by: com.kms.katalon.core.webui.exception.WebElementNotFoundException: Web element with id: 'eldia' located by 'By.xpath: //div[contains(@class, 'pika-single') and contains(@class, 'is-bound') and not(contains(@class, 'is-hidden'))]/div[@class='pika-lendar'][1]/table[@class='pika-table']/tbody/tr/td/button[count(. | //*[@type = 'button' and @data-pika-day = '01']) = count(//*[@type = 'button' and @data-pika-day = '01'])]' not found
	at com.kms.katalon.core.webui.common.WebUiCommonHelper.findWebElement(WebUiCommonHelper.java:1053)
	at com.kms.katalon.core.webui.keyword.internal.WebUIAbstractKeyword.findWebElement(WebUIAbstractKeyword.groovy:27)
	at com.kms.katalon.core.webui.keyword.internal.WebUIAbstractKeyword.findWebElement(WebUIAbstractKeyword.groovy:26)
	at com.kms.katalon.core.webui.keyword.builtin.ClickKeyword$_click_closure1.doCall(ClickKeyword.groovy:77)
	at com.kms.katalon.core.webui.keyword.builtin.ClickKeyword$_click_closure1.call(ClickKeyword.groovy)
	at com.kms.katalon.core.webui.keyword.internal.WebUIKeywordMain.runKeyword(WebUIKeywordMain.groovy:20)
	at com.kms.katalon.core.webui.keyword.builtin.ClickKeyword.click(ClickKeyword.groovy:86)
	at com.kms.katalon.core.webui.keyword.builtin.ClickKeyword.execute(ClickKeyword.groovy:67)
	at com.kms.katalon.core.keyword.internal.KeywordExecutor.executeKeywordForPlatform(KeywordExecutor.groovy:56)
	at com.kms.katalon.core.webui.keyword.WebUiBuiltInKeywords.click(WebUiBuiltInKeywords.groovy:616)
	at com.kms.katalon.core.webui.keyword.WebUiBuiltInKeywords$click$0.call(Unknown Source)
	at Script1556127265800.run(Script1556127265800.groovy:85)
	... 13 more]]></system-err>
   </testsuite>
</testsuites>
